#-----------------------------------------------------------
# Vivado v2020.2 (64-bit)
# SW Build 3064766 on Wed Nov 18 09:12:45 MST 2020
# IP Build 3064653 on Wed Nov 18 14:17:31 MST 2020
# Start of session at: Tue Oct 10 14:03:57 2023
# Process ID: 10836
# Current directory: D:/Projects/arch-fa23/src/lab1/Exp1_NEXYS_A7
# Command line: vivado.exe -gui_launcher_event rodinguilauncherevent32196 D:\Projects\arch-fa23\src\lab1\Exp1_NEXYS_A7\Exp1.xpr
# Log file: D:/Projects/arch-fa23/src/lab1/Exp1_NEXYS_A7/vivado.log
# Journal file: D:/Projects/arch-fa23/src/lab1/Exp1_NEXYS_A7\vivado.jou
#-----------------------------------------------------------
start_gui
open_project D:/Projects/arch-fa23/src/lab1/Exp1_NEXYS_A7/Exp1.xpr
Scanning sources...
Finished scanning sources
INFO: [IP_Flow 19-234] Refreshing IP repositories
INFO: [IP_Flow 19-1704] No user IP repositories specified
INFO: [IP_Flow 19-2313] Loaded Vivado IP repository 'D:/Xilinx/Vivado/2020.2/data/ip'.
open_project: Time (s): cpu = 00:00:16 ; elapsed = 00:00:05 . Memory (MB): peak = 1006.176 ; gain = 0.000
update_compile_order -fileset sources_1
exit
INFO: [Common 17-206] Exiting Vivado at Tue Oct 10 14:04:30 2023...
