Copyright 1986-2020 Xilinx, Inc. All Rights Reserved.
------------------------------------------------------------------------------------
| Tool Version : Vivado v.2020.2 (win64) Build 3064766 Wed Nov 18 09:12:45 MST 2020
| Date         : Thu Dec 21 13:23:59 2023
| Host         : MyT14 running 64-bit major release  (build 9200)
| Command      : report_control_sets -verbose -file top_control_sets_placed.rpt
| Design       : top
| Device       : xc7a100t
------------------------------------------------------------------------------------

Control Set Information

Table of Contents
-----------------
1. Summary
2. Histogram
3. Flip-Flop Distribution
4. Detailed Control Set Information

1. Summary
----------

+----------------------------------------------------------+-------+
|                          Status                          | Count |
+----------------------------------------------------------+-------+
| Total control sets                                       |    81 |
|    Minimum number of control sets                        |    81 |
|    Addition due to synthesis replication                 |     0 |
|    Addition due to physical synthesis replication        |     0 |
| Unused register locations in slices containing registers |   129 |
+----------------------------------------------------------+-------+
* Control sets can be merged at opt_design using control_set_merge or merge_equivalent_drivers
** Run report_qor_suggestions for automated merging and remapping suggestions


2. Histogram
------------

+--------------------+-------+
|       Fanout       | Count |
+--------------------+-------+
| Total control sets |    81 |
| >= 0 to < 4        |     1 |
| >= 4 to < 6        |     8 |
| >= 6 to < 8        |     6 |
| >= 8 to < 10       |     4 |
| >= 10 to < 12      |     0 |
| >= 12 to < 14      |     0 |
| >= 14 to < 16      |     1 |
| >= 16              |    61 |
+--------------------+-------+
* Control sets can be remapped at either synth_design or opt_design


3. Flip-Flop Distribution
-------------------------

+--------------+-----------------------+------------------------+-----------------+--------------+
| Clock Enable | Synchronous Set/Reset | Asynchronous Set/Reset | Total Registers | Total Slices |
+--------------+-----------------------+------------------------+-----------------+--------------+
| No           | No                    | No                     |            3909 |          760 |
| No           | No                    | Yes                    |             113 |           65 |
| No           | Yes                   | No                     |              96 |           25 |
| Yes          | No                    | No                     |            1506 |          857 |
| Yes          | No                    | Yes                    |            1441 |          848 |
| Yes          | Yes                   | No                     |              78 |           32 |
+--------------+-----------------------+------------------------+-----------------+--------------+


4. Detailed Control Set Information
-----------------------------------

+----------------------+-----------------------------------+--------------------------+------------------+----------------+--------------+
|     Clock Signal     |           Enable Signal           |     Set/Reset Signal     | Slice Load Count | Bel Load Count | Bels / Slice |
+----------------------+-----------------------------------+--------------------------+------------------+----------------+--------------+
|  CLK_GEN/clk_disp    | BTN_SCAN/p_0_in                   |                          |                1 |              1 |         1.00 |
|  CLK100MHZ_IBUF_BUFG |                                   |                          |                2 |              4 |         2.00 |
|  led_clk_BUFG        |                                   | rst_all                  |                1 |              4 |         4.00 |
|  CLK_GEN/clk_cpu     | DEBUG_CTRL/line_counter           | rst_all                  |                1 |              4 |         4.00 |
|  debug_clk           | core/ctrl/A0                      | core/ctrl/state_reg_2    |                2 |              4 |         2.00 |
|  CLK_GEN/clk_cpu     | DEBUG_CTRL/reg_counter            | rst_all                  |                2 |              5 |         2.50 |
|  debug_clk           | core/ctrl/A0                      | core/ctrl/state_reg_1    |                4 |              5 |         1.25 |
|  CLK_GEN/clk_cpu     | DEBUG_CTRL/cust_counter           | rst_all                  |                4 |              5 |         1.25 |
|  CLK_GEN/clk_cpu     | DEBUG_CTRL/beat_counter           | rst_all                  |                2 |              5 |         2.50 |
|  debug_clk           | core/ctrl/FUS[2][26]_i_1_n_0      | rst_all                  |                2 |              6 |         3.00 |
|  debug_clk           | core/ctrl/FUS[1][26]_i_1_n_0      | rst_all                  |                4 |              6 |         1.50 |
|  debug_clk           | core/ctrl/FUS[3][26]_i_1_n_0      | rst_all                  |                2 |              6 |         3.00 |
|  debug_clk           | core/ctrl/FUS[5][26]_i_1_n_0      | rst_all                  |                2 |              6 |         3.00 |
|  debug_clk           | core/reg_IF_IS/IR_IS_reg[14]_2    | rst_all                  |                3 |              6 |         2.00 |
|  debug_clk           |                                   | core/mu/state[6]_i_1_n_0 |                1 |              7 |         7.00 |
|  CLK100MHZ_IBUF_BUFG | UART_BUFF/send_reg_0[0]           |                          |                1 |              8 |         8.00 |
|  led_clk_BUFG        |                                   | DISPLAY/rst_all_reg      |                3 |              8 |         2.67 |
|  CLK_GEN/clk_cpu     | UART_BUFF/update_head             | rst_all                  |                5 |              9 |         1.80 |
|  CLK_GEN/clk_cpu     | DEBUG_CTRL/uart_valid_debug       | rst_all                  |                3 |              9 |         3.00 |
|  CLK100MHZ_IBUF_BUFG |                                   | uart_tx_ctrl/bitTmr      |                4 |             14 |         3.50 |
|  debug_clk           | core/reg_IF_IS/IR_IS_reg[14]_5[0] | rst_all                  |                6 |             16 |         2.67 |
|  debug_clk           | core/reg_IF_IS/IR_IS_reg[14]_1    | rst_all                  |               13 |             16 |         1.23 |
|  CLK_GEN/clk_disp    |                                   |                          |                6 |             19 |         3.17 |
|  debug_clk           | core/reg_IF_IS/FUS[2][26]_i_3[0]  | rst_all                  |               10 |             20 |         2.00 |
|  debug_clk           | core/reg_IF_IS/FUS[1][26]_i_3[0]  | rst_all                  |               14 |             21 |         1.50 |
|  debug_clk           | core/ctrl/FUS[5][20]_i_1_n_0      | rst_all                  |               10 |             21 |         2.10 |
|  CLK_GEN/clk_cpu     |                                   |                          |               11 |             23 |         2.09 |
|  debug_clk           | core/reg_IF_IS/IR_IS_reg[13]_6    | rst_all                  |                9 |             25 |         2.78 |
|  debug_clk           | core/reg_IF_IS/IR_IS_reg[13]_7[0] | rst_all                  |               11 |             25 |         2.27 |
|  debug_clk           | core/reg_IF_IS/IMM                | rst_all                  |               10 |             25 |         2.50 |
|  CLK100MHZ_IBUF_BUFG |                                   | CLK_GEN/led_clk_0        |                8 |             31 |         3.88 |
|  CLK100MHZ_IBUF_BUFG | uart_tx_ctrl/bitIndex             | uart_tx_ctrl/uart_ready  |                9 |             32 |         3.56 |
|  debug_clk           | core/alu/FU_ALU_finish            | rst_all                  |               22 |             32 |         1.45 |
|  debug_clk           | core/du/state_reg_0[0]            | rst_all                  |               16 |             32 |         2.00 |
|  debug_clk           | core/ju/FU_jump_finish            | rst_all                  |                9 |             32 |         3.56 |
|  debug_clk           | core/mem/E[0]                     | rst_all                  |               15 |             32 |         2.13 |
|  debug_clk           | core/mu/Q[0]                      | rst_all                  |               17 |             32 |         1.88 |
|  debug_clk           | core/reg_IF_IS/E[0]               | rst_all                  |                7 |             32 |         4.57 |
|  debug_clk           | core/reg_IF_IS/rst_all_reg[0]     |                          |                9 |             32 |         3.56 |
|  debug_clk           | core/reg_IF_IS/rst_all_reg_0[0]   |                          |               12 |             32 |         2.67 |
| ~debug_clk           | core/ctrl/FUS_reg[1][8]_21[0]     | rst_all                  |               19 |             32 |         1.68 |
| ~debug_clk           | core/ctrl/FUS_reg[1][8]_3[0]      | rst_all                  |               25 |             32 |         1.28 |
| ~debug_clk           | core/ctrl/FUS_reg[1][8]_23[0]     | rst_all                  |               15 |             32 |         2.13 |
| ~debug_clk           | core/ctrl/FUS_reg[1][8]_13[0]     | rst_all                  |               21 |             32 |         1.52 |
| ~debug_clk           | core/ctrl/FUS_reg[1][8]_18[0]     | rst_all                  |               25 |             32 |         1.28 |
| ~debug_clk           | core/ctrl/FUS_reg[1][8]_7[0]      | rst_all                  |               17 |             32 |         1.88 |
| ~debug_clk           | core/ctrl/FUS_reg[1][8]_15[0]     | rst_all                  |               21 |             32 |         1.52 |
| ~debug_clk           | core/ctrl/FUS_reg[1][8]_29[0]     | rst_all                  |               23 |             32 |         1.39 |
| ~debug_clk           | core/ctrl/FUS_reg[1][8]_19[0]     | rst_all                  |               21 |             32 |         1.52 |
| ~debug_clk           | core/ctrl/FUS_reg[1][8]_16[0]     | rst_all                  |               26 |             32 |         1.23 |
| ~debug_clk           | core/ctrl/FUS_reg[1][8]_26[0]     | rst_all                  |               22 |             32 |         1.45 |
| ~debug_clk           | core/ctrl/FUS_reg[1][8]_17[0]     | rst_all                  |               19 |             32 |         1.68 |
| ~debug_clk           | core/ctrl/FUS_reg[1][8]_2[0]      | rst_all                  |               20 |             32 |         1.60 |
| ~debug_clk           | core/ctrl/FUS_reg[1][8]_27[0]     | rst_all                  |               22 |             32 |         1.45 |
| ~debug_clk           | core/ctrl/FUS_reg[1][8]_25[0]     | rst_all                  |               21 |             32 |         1.52 |
| ~debug_clk           | core/ctrl/FUS_reg[1][8]_30[0]     | rst_all                  |               22 |             32 |         1.45 |
| ~debug_clk           | core/ctrl/FUS_reg[1][8]_28[0]     | rst_all                  |               21 |             32 |         1.52 |
| ~debug_clk           | core/ctrl/FUS_reg[1][8]_12[0]     | rst_all                  |               21 |             32 |         1.52 |
| ~debug_clk           | core/ctrl/FUS_reg[1][8]_14[0]     | rst_all                  |               21 |             32 |         1.52 |
| ~debug_clk           | core/ctrl/FUS_reg[1][8]_0[0]      | rst_all                  |               21 |             32 |         1.52 |
| ~debug_clk           | core/ctrl/FUS_reg[1][8]_22[0]     | rst_all                  |               17 |             32 |         1.88 |
| ~debug_clk           | core/ctrl/FUS_reg[1][8]_6[0]      | rst_all                  |               20 |             32 |         1.60 |
| ~debug_clk           | core/ctrl/FUS_reg[1][8]_4[0]      | rst_all                  |               22 |             32 |         1.45 |
| ~debug_clk           | core/ctrl/FUS_reg[1][8]_10[0]     | rst_all                  |               17 |             32 |         1.88 |
| ~debug_clk           | core/ctrl/FUS_reg[1][8]_20[0]     | rst_all                  |               24 |             32 |         1.33 |
| ~debug_clk           | core/ctrl/FUS_reg[1][8]_24[0]     | rst_all                  |               20 |             32 |         1.60 |
| ~debug_clk           | core/ctrl/FUS_reg[1][8]_8[0]      | rst_all                  |               19 |             32 |         1.68 |
| ~debug_clk           | core/ctrl/FUS_reg[1][8]_5[0]      | rst_all                  |               24 |             32 |         1.33 |
| ~debug_clk           | core/ctrl/FUS_reg[1][8]_11[0]     | rst_all                  |               22 |             32 |         1.45 |
| ~debug_clk           | core/ctrl/FUS_reg[1][8]_1[0]      | rst_all                  |               21 |             32 |         1.52 |
| ~debug_clk           | core/ctrl/FUS_reg[1][8]_9[0]      | rst_all                  |               18 |             32 |         1.78 |
|  led_clk_BUFG        |                                   |                          |               17 |             57 |         3.35 |
|  debug_clk           | core/reg_IF_IS/IS_EN              | rst_all                  |               19 |             58 |         3.05 |
|  debug_clk           | core/ctrl/A0                      |                          |               30 |             59 |         1.97 |
|  debug_clk           | core/mu/state[6]_i_1_n_0          |                          |               15 |             64 |         4.27 |
|  debug_clk           | core/ctrl/state_reg_0[0]          |                          |                9 |             64 |         7.11 |
|  debug_clk           | core/mem/i_/i__n_0                |                          |               24 |             96 |         4.00 |
|  debug_clk           | core/ctrl/FUS_reg[5][28]_1        |                          |               30 |            126 |         4.20 |
|  debug_clk           |                                   | rst_all                  |               73 |            145 |         1.99 |
| ~debug_clk           | core/mem/add/E[0]                 |                          |              726 |           1024 |         1.41 |
|  debug_clk           |                                   |                          |              724 |           3818 |         5.27 |
+----------------------+-----------------------------------+--------------------------+------------------+----------------+--------------+


