#-----------------------------------------------------------
# Vivado v2020.2 (64-bit)
# SW Build 3064766 on Wed Nov 18 09:12:45 MST 2020
# IP Build 3064653 on Wed Nov 18 14:17:31 MST 2020
# Start of session at: Thu Nov  9 10:04:10 2023
# Process ID: 39188
# Current directory: D:/Projects/arch-fa23/src/lab2/Exp2_NEXYS_A7
# Command line: vivado.exe -gui_launcher_event rodinguilauncherevent14412 D:\Projects\arch-fa23\src\lab2\Exp2_NEXYS_A7\Exp2.xpr
# Log file: D:/Projects/arch-fa23/src/lab2/Exp2_NEXYS_A7/vivado.log
# Journal file: D:/Projects/arch-fa23/src/lab2/Exp2_NEXYS_A7\vivado.jou
#-----------------------------------------------------------
start_gui
open_project D:/Projects/arch-fa23/src/lab2/Exp2_NEXYS_A7/Exp2.xpr
INFO: [Project 1-313] Project file moved from '/home/qiu/Downloads/vivado_projects/EmptyProject/Exp2_NEXYS_A7' since last save.
Scanning sources...
Finished scanning sources
INFO: [IP_Flow 19-234] Refreshing IP repositories
INFO: [IP_Flow 19-1704] No user IP repositories specified
INFO: [IP_Flow 19-2313] Loaded Vivado IP repository 'D:/Xilinx/Vivado/2020.2/data/ip'.
open_project: Time (s): cpu = 00:00:15 ; elapsed = 00:00:06 . Memory (MB): peak = 1004.242 ; gain = 0.000
update_compile_order -fileset sources_1
reset_run synth_1
launch_runs impl_1 -to_step write_bitstream -jobs 4
[Thu Nov  9 10:05:02 2023] Launched synth_1...
Run output will be captured here: D:/Projects/arch-fa23/src/lab2/Exp2_NEXYS_A7/Exp2.runs/synth_1/runme.log
[Thu Nov  9 10:05:03 2023] Launched impl_1...
Run output will be captured here: D:/Projects/arch-fa23/src/lab2/Exp2_NEXYS_A7/Exp2.runs/impl_1/runme.log
reset_run synth_1
WARNING: [Vivado 12-1017] Problems encountered:
1. Failed to delete one or more files in run directory D:/Projects/arch-fa23/src/lab2/Exp2_NEXYS_A7/Exp2.runs/synth_1

launch_runs impl_1 -to_step write_bitstream -jobs 4
[Thu Nov  9 10:06:53 2023] Launched synth_1...
Run output will be captured here: D:/Projects/arch-fa23/src/lab2/Exp2_NEXYS_A7/Exp2.runs/synth_1/runme.log
[Thu Nov  9 10:06:53 2023] Launched impl_1...
Run output will be captured here: D:/Projects/arch-fa23/src/lab2/Exp2_NEXYS_A7/Exp2.runs/impl_1/runme.log
open_hw_manager
connect_hw_server -allow_non_jtag
INFO: [Labtools 27-2285] Connecting to hw_server url TCP:localhost:3121
INFO: [Labtools 27-2222] Launching hw_server...
INFO: [Labtools 27-2221] Launch Output:

****** Xilinx hw_server v2020.2
  **** Build date : Nov 18 2020 at 10:01:48
    ** Copyright 1986-2020 Xilinx, Inc. All Rights Reserved.


INFO: [Labtools 27-3415] Connecting to cs_server url TCP:localhost:3042
INFO: [Labtools 27-3417] Launching cs_server...
INFO: [Labtools 27-2221] Launch Output:


******** Xilinx cs_server v2020.2
  ****** Build date   : Nov 04 2020-05:02:56
    **** Build number : 2020.2.1604437376
      ** Copyright 2017-2020 Xilinx, Inc. All Rights Reserved.



connect_hw_server: Time (s): cpu = 00:00:01 ; elapsed = 00:00:11 . Memory (MB): peak = 1004.242 ; gain = 0.000
open_hw_target
INFO: [Labtoolstcl 44-466] Opening hw_target localhost:3121/xilinx_tcf/Digilent/210292B181FAA
open_hw_target: Time (s): cpu = 00:00:05 ; elapsed = 00:00:05 . Memory (MB): peak = 2295.281 ; gain = 1291.039
set_property PROGRAM.FILE {D:/Projects/arch-fa23/src/lab2/Exp2_NEXYS_A7/Exp2.runs/impl_1/top.bit} [get_hw_devices xc7a100t_0]
current_hw_device [get_hw_devices xc7a100t_0]
refresh_hw_device -update_hw_probes false [lindex [get_hw_devices xc7a100t_0] 0]
INFO: [Labtools 27-1434] Device xc7a100t (JTAG device index = 0) is programmed with a design that has no supported debug core(s) in it.
set_property PROBES.FILE {} [get_hw_devices xc7a100t_0]
set_property FULL_PROBES.FILE {} [get_hw_devices xc7a100t_0]
set_property PROGRAM.FILE {D:/Projects/arch-fa23/src/lab2/Exp2_NEXYS_A7/Exp2.runs/impl_1/top.bit} [get_hw_devices xc7a100t_0]
program_hw_devices [get_hw_devices xc7a100t_0]
INFO: [Labtools 27-3164] End of startup status: HIGH
refresh_hw_device [lindex [get_hw_devices xc7a100t_0] 0]
INFO: [Labtools 27-1434] Device xc7a100t (JTAG device index = 0) is programmed with a design that has no supported debug core(s) in it.
launch_simulation
Command: launch_simulation 
INFO: [Vivado 12-5682] Launching behavioral simulation in 'D:/Projects/arch-fa23/src/lab2/Exp2_NEXYS_A7/Exp2.sim/sim_1/behav/xsim'
INFO: [SIM-utils-51] Simulation object is 'sim_1'
INFO: [SIM-utils-54] Inspecting design source files for 'core_sim' in fileset 'sim_1'...
INFO: [USF-XSim-97] Finding global include files...
INFO: [USF-XSim-98] Fetching design files from 'sim_1'...
INFO: [USF-XSim-2] XSim::Compile design
INFO: [USF-XSim-61] Executing 'COMPILE and ANALYZE' step in 'D:/Projects/arch-fa23/src/lab2/Exp2_NEXYS_A7/Exp2.sim/sim_1/behav/xsim'
"xvlog --incr --relax -prj core_sim_vlog.prj"
INFO: [VRFC 10-2263] Analyzing Verilog file "D:/Projects/arch-fa23/src/lab2/Exp2_NEXYS_A7/code/core/ALU.v" into library xil_defaultlib
INFO: [VRFC 10-311] analyzing module ALU
INFO: [VRFC 10-2263] Analyzing Verilog file "D:/Projects/arch-fa23/src/lab2/Exp2_NEXYS_A7/code/auxillary/CPUTEST.v" into library xil_defaultlib
INFO: [VRFC 10-311] analyzing module CPUTEST
INFO: [VRFC 10-2263] Analyzing Verilog file "D:/Projects/arch-fa23/src/lab2/Exp2_NEXYS_A7/code/core/CSRRegs.v" into library xil_defaultlib
INFO: [VRFC 10-311] analyzing module CSRRegs
INFO: [VRFC 10-2263] Analyzing Verilog file "D:/Projects/arch-fa23/src/lab2/Exp2_NEXYS_A7/code/core/CtrlUnit.v" into library xil_defaultlib
INFO: [VRFC 10-311] analyzing module CtrlUnit
INFO: [VRFC 10-2263] Analyzing Verilog file "D:/Projects/arch-fa23/src/lab2/Exp2_NEXYS_A7/code/core/ExceptionUnit.v" into library xil_defaultlib
INFO: [VRFC 10-311] analyzing module ExceptionUnit
INFO: [VRFC 10-2263] Analyzing Verilog file "D:/Projects/arch-fa23/src/lab2/Exp2_NEXYS_A7/code/core/HazardDetectionUnit.v" into library xil_defaultlib
INFO: [VRFC 10-311] analyzing module HazardDetectionUnit
INFO: [VRFC 10-2263] Analyzing Verilog file "D:/Projects/arch-fa23/src/lab2/Exp2_NEXYS_A7/code/core/ImmGen.v" into library xil_defaultlib
INFO: [VRFC 10-311] analyzing module ImmGen
INFO: [VRFC 10-2263] Analyzing Verilog file "D:/Projects/arch-fa23/src/lab2/Exp2_NEXYS_A7/code/common/MUX2T1_32.v" into library xil_defaultlib
INFO: [VRFC 10-311] analyzing module MUX2T1_32
INFO: [VRFC 10-2263] Analyzing Verilog file "D:/Projects/arch-fa23/src/lab2/Exp2_NEXYS_A7/code/common/MUX4T1_32.v" into library xil_defaultlib
INFO: [VRFC 10-311] analyzing module MUX4T1_32
INFO: [VRFC 10-2263] Analyzing Verilog file "D:/Projects/arch-fa23/src/lab2/Exp2_NEXYS_A7/code/core/RAM_B.v" into library xil_defaultlib
INFO: [VRFC 10-311] analyzing module RAM_B
INFO: [VRFC 10-2263] Analyzing Verilog file "D:/Projects/arch-fa23/src/lab2/Exp2_NEXYS_A7/code/common/REG32.v" into library xil_defaultlib
INFO: [VRFC 10-311] analyzing module REG32
INFO: [VRFC 10-2263] Analyzing Verilog file "D:/Projects/arch-fa23/src/lab2/Exp2_NEXYS_A7/code/core/REG_EX_MEM.v" into library xil_defaultlib
INFO: [VRFC 10-311] analyzing module REG_EX_MEM
INFO: [VRFC 10-2263] Analyzing Verilog file "D:/Projects/arch-fa23/src/lab2/Exp2_NEXYS_A7/code/core/REG_ID_EX.v" into library xil_defaultlib
INFO: [VRFC 10-311] analyzing module REG_ID_EX
INFO: [VRFC 10-2263] Analyzing Verilog file "D:/Projects/arch-fa23/src/lab2/Exp2_NEXYS_A7/code/core/REG_IF_ID.v" into library xil_defaultlib
INFO: [VRFC 10-311] analyzing module REG_IF_ID
INFO: [VRFC 10-2263] Analyzing Verilog file "D:/Projects/arch-fa23/src/lab2/Exp2_NEXYS_A7/code/core/REG_MEM_WB.v" into library xil_defaultlib
INFO: [VRFC 10-311] analyzing module REG_MEM_WB
INFO: [VRFC 10-2263] Analyzing Verilog file "D:/Projects/arch-fa23/src/lab2/Exp2_NEXYS_A7/code/core/ROM_D.v" into library xil_defaultlib
INFO: [VRFC 10-311] analyzing module ROM_D
INFO: [VRFC 10-2263] Analyzing Verilog file "D:/Projects/arch-fa23/src/lab2/Exp2_NEXYS_A7/code/core/RV32core.v" into library xil_defaultlib
INFO: [VRFC 10-311] analyzing module RV32core
INFO: [VRFC 10-2458] undeclared symbol Addr, assumed default net type wire [D:/Projects/arch-fa23/src/lab2/Exp2_NEXYS_A7/code/core/RV32core.v:237]
INFO: [VRFC 10-2458] undeclared symbol MWR, assumed default net type wire [D:/Projects/arch-fa23/src/lab2/Exp2_NEXYS_A7/code/core/RV32core.v:238]
INFO: [VRFC 10-2263] Analyzing Verilog file "D:/Projects/arch-fa23/src/lab2/Exp2_NEXYS_A7/code/core/Regs.v" into library xil_defaultlib
INFO: [VRFC 10-311] analyzing module Regs
INFO: [VRFC 10-2263] Analyzing Verilog file "D:/Projects/arch-fa23/src/lab2/Exp2_NEXYS_A7/code/common/add_32.v" into library xil_defaultlib
INFO: [VRFC 10-311] analyzing module add_32
INFO: [VRFC 10-2263] Analyzing Verilog file "D:/Projects/arch-fa23/src/lab2/Exp2_NEXYS_A7/code/common/cmp_32.v" into library xil_defaultlib
INFO: [VRFC 10-311] analyzing module cmp_32
INFO: [VRFC 10-2263] Analyzing Verilog file "D:/Projects/arch-fa23/src/lab2/Exp2_NEXYS_A7/code/auxillary/debug_clk.v" into library xil_defaultlib
INFO: [VRFC 10-311] analyzing module debug_clk
INFO: [VRFC 10-2263] Analyzing Verilog file "D:/Projects/arch-fa23/src/lab2/Exp2_NEXYS_A7/code/sim/core_sim.v" into library xil_defaultlib
INFO: [VRFC 10-311] analyzing module core_sim
INFO: [VRFC 10-2263] Analyzing Verilog file "D:/Projects/arch-fa23/src/lab2/Exp2_NEXYS_A7/Exp2.sim/sim_1/behav/xsim/glbl.v" into library xil_defaultlib
INFO: [VRFC 10-311] analyzing module glbl
INFO: [USF-XSim-69] 'compile' step finished in '3' seconds
INFO: [USF-XSim-3] XSim::Elaborate design
INFO: [USF-XSim-61] Executing 'ELABORATE' step in 'D:/Projects/arch-fa23/src/lab2/Exp2_NEXYS_A7/Exp2.sim/sim_1/behav/xsim'
"xelab -wto bd08de18f65a4fff898ed77aa59a84cb --incr --debug typical --relax --mt 2 -L xil_defaultlib -L unisims_ver -L unimacro_ver -L secureip --snapshot core_sim_behav xil_defaultlib.core_sim xil_defaultlib.glbl -log elaborate.log"
Vivado Simulator 2020.2
Copyright 1986-1999, 2001-2020 Xilinx, Inc. All Rights Reserved.
Running: D:/Xilinx/Vivado/2020.2/bin/unwrapped/win64.o/xelab.exe -wto bd08de18f65a4fff898ed77aa59a84cb --incr --debug typical --relax --mt 2 -L xil_defaultlib -L unisims_ver -L unimacro_ver -L secureip --snapshot core_sim_behav xil_defaultlib.core_sim xil_defaultlib.glbl -log elaborate.log 
Using 2 slave threads.
Starting static elaboration
Pass Through NonSizing Optimizer
WARNING: [VRFC 10-3091] actual bit length 1 differs from formal bit length 2 for port 'PCSource' [D:/Projects/arch-fa23/src/lab2/Exp2_NEXYS_A7/code/core/RV32core.v:224]
WARNING: [VRFC 10-3091] actual bit length 1 differs from formal bit length 32 for port 'Addr' [D:/Projects/arch-fa23/src/lab2/Exp2_NEXYS_A7/code/core/RV32core.v:237]
WARNING: [VRFC 10-3091] actual bit length 1 differs from formal bit length 2 for port 'DatatoReg' [D:/Projects/arch-fa23/src/lab2/Exp2_NEXYS_A7/code/core/RV32core.v:241]
Completed static elaboration
Starting simulation data flow analysis
Completed simulation data flow analysis
Time Resolution for simulation is 1ps
Compiling module xil_defaultlib.debug_clk
Compiling module xil_defaultlib.REG32
Compiling module xil_defaultlib.add_32
Compiling module xil_defaultlib.MUX2T1_32
Compiling module xil_defaultlib.ROM_D
Compiling module xil_defaultlib.REG_IF_ID
Compiling module xil_defaultlib.CtrlUnit
Compiling module xil_defaultlib.Regs
Compiling module xil_defaultlib.ImmGen
Compiling module xil_defaultlib.MUX4T1_32
Compiling module xil_defaultlib.cmp_32
Compiling module xil_defaultlib.HazardDetectionUnit
Compiling module xil_defaultlib.REG_ID_EX
Compiling module xil_defaultlib.ALU
Compiling module xil_defaultlib.REG_EX_MEM
Compiling module xil_defaultlib.RAM_B
Compiling module xil_defaultlib.CSRRegs
Compiling module xil_defaultlib.ExceptionUnit
Compiling module xil_defaultlib.REG_MEM_WB
Compiling module xil_defaultlib.CPUTEST
Compiling module xil_defaultlib.RV32core
Compiling module xil_defaultlib.core_sim
Compiling module xil_defaultlib.glbl
Built simulation snapshot core_sim_behav

****** Webtalk v2020.2 (64-bit)
  **** SW Build 3064766 on Wed Nov 18 09:12:45 MST 2020
  **** IP Build 3064653 on Wed Nov 18 14:17:31 MST 2020
    ** Copyright 1986-2020 Xilinx, Inc. All Rights Reserved.

source D:/Projects/arch-fa23/src/lab2/Exp2_NEXYS_A7/Exp2.sim/sim_1/behav/xsim/xsim.dir/core_sim_behav/webtalk/xsim_webtalk.tcl -notrace
INFO: [Common 17-206] Exiting Webtalk at Thu Nov  9 10:17:00 2023...
run_program: Time (s): cpu = 00:00:00 ; elapsed = 00:00:08 . Memory (MB): peak = 2327.652 ; gain = 0.000
INFO: [USF-XSim-69] 'elaborate' step finished in '8' seconds
INFO: [USF-XSim-4] XSim::Simulate design
INFO: [USF-XSim-61] Executing 'SIMULATE' step in 'D:/Projects/arch-fa23/src/lab2/Exp2_NEXYS_A7/Exp2.sim/sim_1/behav/xsim'
INFO: [USF-XSim-98] *** Running xsim
   with args "core_sim_behav -key {Behavioral:sim_1:Functional:core_sim} -tclbatch {core_sim.tcl} -view {D:/Projects/arch-fa23/src/lab2/Exp2_NEXYS_A7/code/sim/core_sim_behav.wcfg} -log {simulate.log}"
INFO: [USF-XSim-8] Loading simulator feature
Vivado Simulator 2020.2
Time resolution is 1 ps
open_wave_config D:/Projects/arch-fa23/src/lab2/Exp2_NEXYS_A7/code/sim/core_sim_behav.wcfg
source core_sim.tcl
# set curr_wave [current_wave_config]
# if { [string length $curr_wave] == 0 } {
#   if { [llength [get_objects]] > 0} {
#     add_wave /
#     set_property needs_save false [current_wave_config]
#   } else {
#      send_msg_id Add_Wave-1 WARNING "No top level signals found. Simulator will start without a wave window. If you want to open a wave window go to 'File->New Waveform Configuration' or type 'create_wave_config' in the TCL console."
#   }
# }
# run 1000ns
xsim: Time (s): cpu = 00:00:07 ; elapsed = 00:00:07 . Memory (MB): peak = 2371.141 ; gain = 38.000
INFO: [USF-XSim-96] XSim completed. Design snapshot 'core_sim_behav' loaded.
INFO: [USF-XSim-97] XSim simulation ran for 1000ns
launch_simulation: Time (s): cpu = 00:00:09 ; elapsed = 00:00:20 . Memory (MB): peak = 2371.141 ; gain = 56.219
current_wave_config {core_sim_behav.wcfg}
core_sim_behav.wcfg
add_wave {{/core_sim/core/register}} 
close_sim
INFO: [Simtcl 6-16] Simulation closed
close_sim: Time (s): cpu = 00:00:01 ; elapsed = 00:00:05 . Memory (MB): peak = 2386.988 ; gain = 0.000
launch_simulation
Command: launch_simulation 
INFO: [Vivado 12-5682] Launching behavioral simulation in 'D:/Projects/arch-fa23/src/lab2/Exp2_NEXYS_A7/Exp2.sim/sim_1/behav/xsim'
INFO: [SIM-utils-51] Simulation object is 'sim_1'
INFO: [SIM-utils-54] Inspecting design source files for 'core_sim' in fileset 'sim_1'...
INFO: [USF-XSim-97] Finding global include files...
INFO: [USF-XSim-98] Fetching design files from 'sim_1'...
INFO: [USF-XSim-2] XSim::Compile design
INFO: [USF-XSim-61] Executing 'COMPILE and ANALYZE' step in 'D:/Projects/arch-fa23/src/lab2/Exp2_NEXYS_A7/Exp2.sim/sim_1/behav/xsim'
"xvlog --incr --relax -prj core_sim_vlog.prj"
INFO: [VRFC 10-2263] Analyzing Verilog file "D:/Projects/arch-fa23/src/lab2/Exp2_NEXYS_A7/code/core/ALU.v" into library xil_defaultlib
INFO: [VRFC 10-311] analyzing module ALU
INFO: [VRFC 10-2263] Analyzing Verilog file "D:/Projects/arch-fa23/src/lab2/Exp2_NEXYS_A7/code/auxillary/CPUTEST.v" into library xil_defaultlib
INFO: [VRFC 10-311] analyzing module CPUTEST
INFO: [VRFC 10-2263] Analyzing Verilog file "D:/Projects/arch-fa23/src/lab2/Exp2_NEXYS_A7/code/core/CSRRegs.v" into library xil_defaultlib
INFO: [VRFC 10-311] analyzing module CSRRegs
INFO: [VRFC 10-2263] Analyzing Verilog file "D:/Projects/arch-fa23/src/lab2/Exp2_NEXYS_A7/code/core/CtrlUnit.v" into library xil_defaultlib
INFO: [VRFC 10-311] analyzing module CtrlUnit
INFO: [VRFC 10-2263] Analyzing Verilog file "D:/Projects/arch-fa23/src/lab2/Exp2_NEXYS_A7/code/core/ExceptionUnit.v" into library xil_defaultlib
INFO: [VRFC 10-311] analyzing module ExceptionUnit
INFO: [VRFC 10-2263] Analyzing Verilog file "D:/Projects/arch-fa23/src/lab2/Exp2_NEXYS_A7/code/core/HazardDetectionUnit.v" into library xil_defaultlib
INFO: [VRFC 10-311] analyzing module HazardDetectionUnit
INFO: [VRFC 10-2263] Analyzing Verilog file "D:/Projects/arch-fa23/src/lab2/Exp2_NEXYS_A7/code/core/ImmGen.v" into library xil_defaultlib
INFO: [VRFC 10-311] analyzing module ImmGen
INFO: [VRFC 10-2263] Analyzing Verilog file "D:/Projects/arch-fa23/src/lab2/Exp2_NEXYS_A7/code/common/MUX2T1_32.v" into library xil_defaultlib
INFO: [VRFC 10-311] analyzing module MUX2T1_32
INFO: [VRFC 10-2263] Analyzing Verilog file "D:/Projects/arch-fa23/src/lab2/Exp2_NEXYS_A7/code/common/MUX4T1_32.v" into library xil_defaultlib
INFO: [VRFC 10-311] analyzing module MUX4T1_32
INFO: [VRFC 10-2263] Analyzing Verilog file "D:/Projects/arch-fa23/src/lab2/Exp2_NEXYS_A7/code/core/RAM_B.v" into library xil_defaultlib
INFO: [VRFC 10-311] analyzing module RAM_B
INFO: [VRFC 10-2263] Analyzing Verilog file "D:/Projects/arch-fa23/src/lab2/Exp2_NEXYS_A7/code/common/REG32.v" into library xil_defaultlib
INFO: [VRFC 10-311] analyzing module REG32
INFO: [VRFC 10-2263] Analyzing Verilog file "D:/Projects/arch-fa23/src/lab2/Exp2_NEXYS_A7/code/core/REG_EX_MEM.v" into library xil_defaultlib
INFO: [VRFC 10-311] analyzing module REG_EX_MEM
INFO: [VRFC 10-2263] Analyzing Verilog file "D:/Projects/arch-fa23/src/lab2/Exp2_NEXYS_A7/code/core/REG_ID_EX.v" into library xil_defaultlib
INFO: [VRFC 10-311] analyzing module REG_ID_EX
INFO: [VRFC 10-2263] Analyzing Verilog file "D:/Projects/arch-fa23/src/lab2/Exp2_NEXYS_A7/code/core/REG_IF_ID.v" into library xil_defaultlib
INFO: [VRFC 10-311] analyzing module REG_IF_ID
INFO: [VRFC 10-2263] Analyzing Verilog file "D:/Projects/arch-fa23/src/lab2/Exp2_NEXYS_A7/code/core/REG_MEM_WB.v" into library xil_defaultlib
INFO: [VRFC 10-311] analyzing module REG_MEM_WB
INFO: [VRFC 10-2263] Analyzing Verilog file "D:/Projects/arch-fa23/src/lab2/Exp2_NEXYS_A7/code/core/ROM_D.v" into library xil_defaultlib
INFO: [VRFC 10-311] analyzing module ROM_D
INFO: [VRFC 10-2263] Analyzing Verilog file "D:/Projects/arch-fa23/src/lab2/Exp2_NEXYS_A7/code/core/RV32core.v" into library xil_defaultlib
INFO: [VRFC 10-311] analyzing module RV32core
INFO: [VRFC 10-2458] undeclared symbol Addr, assumed default net type wire [D:/Projects/arch-fa23/src/lab2/Exp2_NEXYS_A7/code/core/RV32core.v:237]
INFO: [VRFC 10-2458] undeclared symbol MWR, assumed default net type wire [D:/Projects/arch-fa23/src/lab2/Exp2_NEXYS_A7/code/core/RV32core.v:238]
INFO: [VRFC 10-2263] Analyzing Verilog file "D:/Projects/arch-fa23/src/lab2/Exp2_NEXYS_A7/code/core/Regs.v" into library xil_defaultlib
INFO: [VRFC 10-311] analyzing module Regs
INFO: [VRFC 10-2263] Analyzing Verilog file "D:/Projects/arch-fa23/src/lab2/Exp2_NEXYS_A7/code/common/add_32.v" into library xil_defaultlib
INFO: [VRFC 10-311] analyzing module add_32
INFO: [VRFC 10-2263] Analyzing Verilog file "D:/Projects/arch-fa23/src/lab2/Exp2_NEXYS_A7/code/common/cmp_32.v" into library xil_defaultlib
INFO: [VRFC 10-311] analyzing module cmp_32
INFO: [VRFC 10-2263] Analyzing Verilog file "D:/Projects/arch-fa23/src/lab2/Exp2_NEXYS_A7/code/auxillary/debug_clk.v" into library xil_defaultlib
INFO: [VRFC 10-311] analyzing module debug_clk
INFO: [VRFC 10-2263] Analyzing Verilog file "D:/Projects/arch-fa23/src/lab2/Exp2_NEXYS_A7/code/sim/core_sim.v" into library xil_defaultlib
INFO: [VRFC 10-311] analyzing module core_sim
INFO: [USF-XSim-69] 'compile' step finished in '3' seconds
INFO: [USF-XSim-3] XSim::Elaborate design
INFO: [USF-XSim-61] Executing 'ELABORATE' step in 'D:/Projects/arch-fa23/src/lab2/Exp2_NEXYS_A7/Exp2.sim/sim_1/behav/xsim'
"xelab -wto bd08de18f65a4fff898ed77aa59a84cb --incr --debug typical --relax --mt 2 -L xil_defaultlib -L unisims_ver -L unimacro_ver -L secureip --snapshot core_sim_behav xil_defaultlib.core_sim xil_defaultlib.glbl -log elaborate.log"
Vivado Simulator 2020.2
Copyright 1986-1999, 2001-2020 Xilinx, Inc. All Rights Reserved.
Running: D:/Xilinx/Vivado/2020.2/bin/unwrapped/win64.o/xelab.exe -wto bd08de18f65a4fff898ed77aa59a84cb --incr --debug typical --relax --mt 2 -L xil_defaultlib -L unisims_ver -L unimacro_ver -L secureip --snapshot core_sim_behav xil_defaultlib.core_sim xil_defaultlib.glbl -log elaborate.log 
Using 2 slave threads.
Starting static elaboration
Pass Through NonSizing Optimizer
WARNING: [VRFC 10-3091] actual bit length 1 differs from formal bit length 2 for port 'PCSource' [D:/Projects/arch-fa23/src/lab2/Exp2_NEXYS_A7/code/core/RV32core.v:224]
WARNING: [VRFC 10-3091] actual bit length 1 differs from formal bit length 32 for port 'Addr' [D:/Projects/arch-fa23/src/lab2/Exp2_NEXYS_A7/code/core/RV32core.v:237]
WARNING: [VRFC 10-3091] actual bit length 1 differs from formal bit length 2 for port 'DatatoReg' [D:/Projects/arch-fa23/src/lab2/Exp2_NEXYS_A7/code/core/RV32core.v:241]
Completed static elaboration
Starting simulation data flow analysis
Completed simulation data flow analysis
Time Resolution for simulation is 1ps
Compiling module xil_defaultlib.debug_clk
Compiling module xil_defaultlib.REG32
Compiling module xil_defaultlib.add_32
Compiling module xil_defaultlib.MUX2T1_32
Compiling module xil_defaultlib.ROM_D
Compiling module xil_defaultlib.REG_IF_ID
Compiling module xil_defaultlib.CtrlUnit
Compiling module xil_defaultlib.Regs
Compiling module xil_defaultlib.ImmGen
Compiling module xil_defaultlib.MUX4T1_32
Compiling module xil_defaultlib.cmp_32
Compiling module xil_defaultlib.HazardDetectionUnit
Compiling module xil_defaultlib.REG_ID_EX
Compiling module xil_defaultlib.ALU
Compiling module xil_defaultlib.REG_EX_MEM
Compiling module xil_defaultlib.RAM_B
Compiling module xil_defaultlib.CSRRegs
Compiling module xil_defaultlib.ExceptionUnit
Compiling module xil_defaultlib.REG_MEM_WB
Compiling module xil_defaultlib.CPUTEST
Compiling module xil_defaultlib.RV32core
Compiling module xil_defaultlib.core_sim
Compiling module xil_defaultlib.glbl
Built simulation snapshot core_sim_behav
INFO: [USF-XSim-69] 'elaborate' step finished in '4' seconds
INFO: [USF-XSim-4] XSim::Simulate design
INFO: [USF-XSim-61] Executing 'SIMULATE' step in 'D:/Projects/arch-fa23/src/lab2/Exp2_NEXYS_A7/Exp2.sim/sim_1/behav/xsim'
INFO: [USF-XSim-98] *** Running xsim
   with args "core_sim_behav -key {Behavioral:sim_1:Functional:core_sim} -tclbatch {core_sim.tcl} -view {D:/Projects/arch-fa23/src/lab2/Exp2_NEXYS_A7/code/sim/core_sim_behav.wcfg} -log {simulate.log}"
INFO: [USF-XSim-8] Loading simulator feature
Vivado Simulator 2020.2
Time resolution is 1 ps
open_wave_config D:/Projects/arch-fa23/src/lab2/Exp2_NEXYS_A7/code/sim/core_sim_behav.wcfg
INFO: [Common 17-365] Interrupt caught but 'launch_simulation' cannot be canceled. Please wait for command to finish.
INFO: [Common 17-681] Processing pending cancel.
source core_sim.tcl
# set curr_wave [current_wave_config]
# if { [string length $curr_wave] == 0 } {
#   if { [llength [get_objects]] > 0} {
#     add_wave /
#     set_property needs_save false [current_wave_config]
#   } else {
#      send_msg_id Add_Wave-1 WARNING "No top level signals found. Simulator will start without a wave window. If you want to open a wave window go to 'File->New Waveform Configuration' or type 'create_wave_config' in the TCL console."
#   }
# }
# run 1000ns
xsim: Time (s): cpu = 00:00:06 ; elapsed = 00:00:11 . Memory (MB): peak = 2386.988 ; gain = 0.000
INFO: [USF-XSim-96] XSim completed. Design snapshot 'core_sim_behav' loaded.
INFO: [USF-XSim-97] XSim simulation ran for 1000ns
launch_simulation: Time (s): cpu = 00:00:07 ; elapsed = 00:00:19 . Memory (MB): peak = 2386.988 ; gain = 0.000
close_sim
INFO: [Simtcl 6-16] Simulation closed
launch_simulation
Command: launch_simulation 
INFO: [Vivado 12-5682] Launching behavioral simulation in 'D:/Projects/arch-fa23/src/lab2/Exp2_NEXYS_A7/Exp2.sim/sim_1/behav/xsim'
INFO: [SIM-utils-51] Simulation object is 'sim_1'
INFO: [SIM-utils-54] Inspecting design source files for 'core_sim' in fileset 'sim_1'...
INFO: [USF-XSim-97] Finding global include files...
INFO: [USF-XSim-98] Fetching design files from 'sim_1'...
INFO: [USF-XSim-2] XSim::Compile design
INFO: [USF-XSim-61] Executing 'COMPILE and ANALYZE' step in 'D:/Projects/arch-fa23/src/lab2/Exp2_NEXYS_A7/Exp2.sim/sim_1/behav/xsim'
"xvlog --incr --relax -prj core_sim_vlog.prj"
INFO: [VRFC 10-2263] Analyzing Verilog file "D:/Projects/arch-fa23/src/lab2/Exp2_NEXYS_A7/code/core/ALU.v" into library xil_defaultlib
INFO: [VRFC 10-311] analyzing module ALU
INFO: [VRFC 10-2263] Analyzing Verilog file "D:/Projects/arch-fa23/src/lab2/Exp2_NEXYS_A7/code/auxillary/CPUTEST.v" into library xil_defaultlib
INFO: [VRFC 10-311] analyzing module CPUTEST
INFO: [VRFC 10-2263] Analyzing Verilog file "D:/Projects/arch-fa23/src/lab2/Exp2_NEXYS_A7/code/core/CSRRegs.v" into library xil_defaultlib
INFO: [VRFC 10-311] analyzing module CSRRegs
INFO: [VRFC 10-2263] Analyzing Verilog file "D:/Projects/arch-fa23/src/lab2/Exp2_NEXYS_A7/code/core/CtrlUnit.v" into library xil_defaultlib
INFO: [VRFC 10-311] analyzing module CtrlUnit
INFO: [VRFC 10-2263] Analyzing Verilog file "D:/Projects/arch-fa23/src/lab2/Exp2_NEXYS_A7/code/core/ExceptionUnit.v" into library xil_defaultlib
INFO: [VRFC 10-311] analyzing module ExceptionUnit
INFO: [VRFC 10-2263] Analyzing Verilog file "D:/Projects/arch-fa23/src/lab2/Exp2_NEXYS_A7/code/core/HazardDetectionUnit.v" into library xil_defaultlib
INFO: [VRFC 10-311] analyzing module HazardDetectionUnit
INFO: [VRFC 10-2263] Analyzing Verilog file "D:/Projects/arch-fa23/src/lab2/Exp2_NEXYS_A7/code/core/ImmGen.v" into library xil_defaultlib
INFO: [VRFC 10-311] analyzing module ImmGen
INFO: [VRFC 10-2263] Analyzing Verilog file "D:/Projects/arch-fa23/src/lab2/Exp2_NEXYS_A7/code/common/MUX2T1_32.v" into library xil_defaultlib
INFO: [VRFC 10-311] analyzing module MUX2T1_32
INFO: [VRFC 10-2263] Analyzing Verilog file "D:/Projects/arch-fa23/src/lab2/Exp2_NEXYS_A7/code/common/MUX4T1_32.v" into library xil_defaultlib
INFO: [VRFC 10-311] analyzing module MUX4T1_32
INFO: [VRFC 10-2263] Analyzing Verilog file "D:/Projects/arch-fa23/src/lab2/Exp2_NEXYS_A7/code/core/RAM_B.v" into library xil_defaultlib
INFO: [VRFC 10-311] analyzing module RAM_B
INFO: [VRFC 10-2263] Analyzing Verilog file "D:/Projects/arch-fa23/src/lab2/Exp2_NEXYS_A7/code/common/REG32.v" into library xil_defaultlib
INFO: [VRFC 10-311] analyzing module REG32
INFO: [VRFC 10-2263] Analyzing Verilog file "D:/Projects/arch-fa23/src/lab2/Exp2_NEXYS_A7/code/core/REG_EX_MEM.v" into library xil_defaultlib
INFO: [VRFC 10-311] analyzing module REG_EX_MEM
INFO: [VRFC 10-2263] Analyzing Verilog file "D:/Projects/arch-fa23/src/lab2/Exp2_NEXYS_A7/code/core/REG_ID_EX.v" into library xil_defaultlib
INFO: [VRFC 10-311] analyzing module REG_ID_EX
INFO: [VRFC 10-2263] Analyzing Verilog file "D:/Projects/arch-fa23/src/lab2/Exp2_NEXYS_A7/code/core/REG_IF_ID.v" into library xil_defaultlib
INFO: [VRFC 10-311] analyzing module REG_IF_ID
INFO: [VRFC 10-2263] Analyzing Verilog file "D:/Projects/arch-fa23/src/lab2/Exp2_NEXYS_A7/code/core/REG_MEM_WB.v" into library xil_defaultlib
INFO: [VRFC 10-311] analyzing module REG_MEM_WB
INFO: [VRFC 10-2263] Analyzing Verilog file "D:/Projects/arch-fa23/src/lab2/Exp2_NEXYS_A7/code/core/ROM_D.v" into library xil_defaultlib
INFO: [VRFC 10-311] analyzing module ROM_D
INFO: [VRFC 10-2263] Analyzing Verilog file "D:/Projects/arch-fa23/src/lab2/Exp2_NEXYS_A7/code/core/RV32core.v" into library xil_defaultlib
INFO: [VRFC 10-311] analyzing module RV32core
INFO: [VRFC 10-2458] undeclared symbol Addr, assumed default net type wire [D:/Projects/arch-fa23/src/lab2/Exp2_NEXYS_A7/code/core/RV32core.v:237]
INFO: [VRFC 10-2458] undeclared symbol MWR, assumed default net type wire [D:/Projects/arch-fa23/src/lab2/Exp2_NEXYS_A7/code/core/RV32core.v:238]
INFO: [VRFC 10-2263] Analyzing Verilog file "D:/Projects/arch-fa23/src/lab2/Exp2_NEXYS_A7/code/core/Regs.v" into library xil_defaultlib
INFO: [VRFC 10-311] analyzing module Regs
INFO: [VRFC 10-2263] Analyzing Verilog file "D:/Projects/arch-fa23/src/lab2/Exp2_NEXYS_A7/code/common/add_32.v" into library xil_defaultlib
INFO: [VRFC 10-311] analyzing module add_32
INFO: [VRFC 10-2263] Analyzing Verilog file "D:/Projects/arch-fa23/src/lab2/Exp2_NEXYS_A7/code/common/cmp_32.v" into library xil_defaultlib
INFO: [VRFC 10-311] analyzing module cmp_32
INFO: [VRFC 10-2263] Analyzing Verilog file "D:/Projects/arch-fa23/src/lab2/Exp2_NEXYS_A7/code/auxillary/debug_clk.v" into library xil_defaultlib
INFO: [VRFC 10-311] analyzing module debug_clk
INFO: [VRFC 10-2263] Analyzing Verilog file "D:/Projects/arch-fa23/src/lab2/Exp2_NEXYS_A7/code/sim/core_sim.v" into library xil_defaultlib
INFO: [VRFC 10-311] analyzing module core_sim
INFO: [USF-XSim-69] 'compile' step finished in '3' seconds
INFO: [USF-XSim-3] XSim::Elaborate design
INFO: [USF-XSim-61] Executing 'ELABORATE' step in 'D:/Projects/arch-fa23/src/lab2/Exp2_NEXYS_A7/Exp2.sim/sim_1/behav/xsim'
"xelab -wto bd08de18f65a4fff898ed77aa59a84cb --incr --debug typical --relax --mt 2 -L xil_defaultlib -L unisims_ver -L unimacro_ver -L secureip --snapshot core_sim_behav xil_defaultlib.core_sim xil_defaultlib.glbl -log elaborate.log"
Vivado Simulator 2020.2
Copyright 1986-1999, 2001-2020 Xilinx, Inc. All Rights Reserved.
Running: D:/Xilinx/Vivado/2020.2/bin/unwrapped/win64.o/xelab.exe -wto bd08de18f65a4fff898ed77aa59a84cb --incr --debug typical --relax --mt 2 -L xil_defaultlib -L unisims_ver -L unimacro_ver -L secureip --snapshot core_sim_behav xil_defaultlib.core_sim xil_defaultlib.glbl -log elaborate.log 
Using 2 slave threads.
Starting static elaboration
Pass Through NonSizing Optimizer
WARNING: [VRFC 10-3091] actual bit length 1 differs from formal bit length 2 for port 'PCSource' [D:/Projects/arch-fa23/src/lab2/Exp2_NEXYS_A7/code/core/RV32core.v:224]
WARNING: [VRFC 10-3091] actual bit length 1 differs from formal bit length 32 for port 'Addr' [D:/Projects/arch-fa23/src/lab2/Exp2_NEXYS_A7/code/core/RV32core.v:237]
WARNING: [VRFC 10-3091] actual bit length 1 differs from formal bit length 2 for port 'DatatoReg' [D:/Projects/arch-fa23/src/lab2/Exp2_NEXYS_A7/code/core/RV32core.v:241]
Completed static elaboration
Starting simulation data flow analysis
Completed simulation data flow analysis
Time Resolution for simulation is 1ps
Compiling module xil_defaultlib.debug_clk
Compiling module xil_defaultlib.REG32
Compiling module xil_defaultlib.add_32
Compiling module xil_defaultlib.MUX2T1_32
Compiling module xil_defaultlib.ROM_D
Compiling module xil_defaultlib.REG_IF_ID
Compiling module xil_defaultlib.CtrlUnit
Compiling module xil_defaultlib.Regs
Compiling module xil_defaultlib.ImmGen
Compiling module xil_defaultlib.MUX4T1_32
Compiling module xil_defaultlib.cmp_32
Compiling module xil_defaultlib.HazardDetectionUnit
Compiling module xil_defaultlib.REG_ID_EX
Compiling module xil_defaultlib.ALU
Compiling module xil_defaultlib.REG_EX_MEM
Compiling module xil_defaultlib.RAM_B
Compiling module xil_defaultlib.CSRRegs
Compiling module xil_defaultlib.ExceptionUnit
Compiling module xil_defaultlib.REG_MEM_WB
Compiling module xil_defaultlib.CPUTEST
Compiling module xil_defaultlib.RV32core
Compiling module xil_defaultlib.core_sim
Compiling module xil_defaultlib.glbl
Built simulation snapshot core_sim_behav
INFO: [USF-XSim-69] 'elaborate' step finished in '4' seconds
INFO: [USF-XSim-4] XSim::Simulate design
INFO: [USF-XSim-61] Executing 'SIMULATE' step in 'D:/Projects/arch-fa23/src/lab2/Exp2_NEXYS_A7/Exp2.sim/sim_1/behav/xsim'
INFO: [USF-XSim-98] *** Running xsim
   with args "core_sim_behav -key {Behavioral:sim_1:Functional:core_sim} -tclbatch {core_sim.tcl} -view {D:/Projects/arch-fa23/src/lab2/Exp2_NEXYS_A7/code/sim/core_sim_behav.wcfg} -log {simulate.log}"
INFO: [USF-XSim-8] Loading simulator feature
Vivado Simulator 2020.2
Time resolution is 1 ps
open_wave_config D:/Projects/arch-fa23/src/lab2/Exp2_NEXYS_A7/code/sim/core_sim_behav.wcfg
source core_sim.tcl
# set curr_wave [current_wave_config]
# if { [string length $curr_wave] == 0 } {
#   if { [llength [get_objects]] > 0} {
#     add_wave /
#     set_property needs_save false [current_wave_config]
#   } else {
#      send_msg_id Add_Wave-1 WARNING "No top level signals found. Simulator will start without a wave window. If you want to open a wave window go to 'File->New Waveform Configuration' or type 'create_wave_config' in the TCL console."
#   }
# }
# run 1000ns
xsim: Time (s): cpu = 00:00:06 ; elapsed = 00:00:11 . Memory (MB): peak = 2394.352 ; gain = 7.363
INFO: [USF-XSim-96] XSim completed. Design snapshot 'core_sim_behav' loaded.
INFO: [USF-XSim-97] XSim simulation ran for 1000ns
launch_simulation: Time (s): cpu = 00:00:06 ; elapsed = 00:00:20 . Memory (MB): peak = 2394.352 ; gain = 7.363
current_wave_config {core_sim_behav.wcfg}
core_sim_behav.wcfg
add_wave {{/core_sim/core/register}} 
relaunch_sim
Command: launch_simulation -simset sim_1 -mode behavioral
INFO: [Vivado 12-5682] Launching behavioral simulation in 'D:/Projects/arch-fa23/src/lab2/Exp2_NEXYS_A7/Exp2.sim/sim_1/behav/xsim'
INFO: [SIM-utils-51] Simulation object is 'sim_1'
INFO: [SIM-utils-54] Inspecting design source files for 'core_sim' in fileset 'sim_1'...
INFO: [USF-XSim-97] Finding global include files...
INFO: [USF-XSim-98] Fetching design files from 'sim_1'...
INFO: [USF-XSim-2] XSim::Compile design
INFO: [USF-XSim-61] Executing 'COMPILE and ANALYZE' step in 'D:/Projects/arch-fa23/src/lab2/Exp2_NEXYS_A7/Exp2.sim/sim_1/behav/xsim'
"xvlog --incr --relax -prj core_sim_vlog.prj"
INFO: [USF-XSim-69] 'compile' step finished in '2' seconds
Command: launch_simulation -simset sim_1 -mode behavioral
INFO: [Vivado 12-5682] Launching behavioral simulation in 'D:/Projects/arch-fa23/src/lab2/Exp2_NEXYS_A7/Exp2.sim/sim_1/behav/xsim'
INFO: [USF-XSim-3] XSim::Elaborate design
INFO: [USF-XSim-61] Executing 'ELABORATE' step in 'D:/Projects/arch-fa23/src/lab2/Exp2_NEXYS_A7/Exp2.sim/sim_1/behav/xsim'
"xelab -wto bd08de18f65a4fff898ed77aa59a84cb --incr --debug typical --relax --mt 2 -L xil_defaultlib -L unisims_ver -L unimacro_ver -L secureip --snapshot core_sim_behav xil_defaultlib.core_sim xil_defaultlib.glbl -log elaborate.log"
Vivado Simulator 2020.2
Copyright 1986-1999, 2001-2020 Xilinx, Inc. All Rights Reserved.
Running: D:/Xilinx/Vivado/2020.2/bin/unwrapped/win64.o/xelab.exe -wto bd08de18f65a4fff898ed77aa59a84cb --incr --debug typical --relax --mt 2 -L xil_defaultlib -L unisims_ver -L unimacro_ver -L secureip --snapshot core_sim_behav xil_defaultlib.core_sim xil_defaultlib.glbl -log elaborate.log 
Using 2 slave threads.
Starting static elaboration
Pass Through NonSizing Optimizer
WARNING: [VRFC 10-3091] actual bit length 1 differs from formal bit length 2 for port 'PCSource' [D:/Projects/arch-fa23/src/lab2/Exp2_NEXYS_A7/code/core/RV32core.v:224]
WARNING: [VRFC 10-3091] actual bit length 1 differs from formal bit length 32 for port 'Addr' [D:/Projects/arch-fa23/src/lab2/Exp2_NEXYS_A7/code/core/RV32core.v:237]
WARNING: [VRFC 10-3091] actual bit length 1 differs from formal bit length 2 for port 'DatatoReg' [D:/Projects/arch-fa23/src/lab2/Exp2_NEXYS_A7/code/core/RV32core.v:241]
Completed static elaboration
INFO: [XSIM 43-4323] No Change in HDL. Linking previously generated obj files to create kernel
INFO: [USF-XSim-69] 'elaborate' step finished in '2' seconds
Vivado Simulator 2020.2
Time resolution is 1 ps
relaunch_xsim_kernel: Time (s): cpu = 00:00:02 ; elapsed = 00:00:10 . Memory (MB): peak = 2404.273 ; gain = 9.922
relaunch_sim: Time (s): cpu = 00:00:06 ; elapsed = 00:00:16 . Memory (MB): peak = 2404.273 ; gain = 9.922
current_wave_config {core_sim_behav.wcfg}
core_sim_behav.wcfg
add_wave {{/core_sim/core/exp_unit}} 
relaunch_sim
Command: launch_simulation -simset sim_1 -mode behavioral
INFO: [Vivado 12-5682] Launching behavioral simulation in 'D:/Projects/arch-fa23/src/lab2/Exp2_NEXYS_A7/Exp2.sim/sim_1/behav/xsim'
INFO: [SIM-utils-51] Simulation object is 'sim_1'
INFO: [SIM-utils-54] Inspecting design source files for 'core_sim' in fileset 'sim_1'...
INFO: [USF-XSim-97] Finding global include files...
INFO: [USF-XSim-98] Fetching design files from 'sim_1'...
INFO: [USF-XSim-2] XSim::Compile design
INFO: [USF-XSim-61] Executing 'COMPILE and ANALYZE' step in 'D:/Projects/arch-fa23/src/lab2/Exp2_NEXYS_A7/Exp2.sim/sim_1/behav/xsim'
"xvlog --incr --relax -prj core_sim_vlog.prj"
INFO: [VRFC 10-2263] Analyzing Verilog file "D:/Projects/arch-fa23/src/lab2/Exp2_NEXYS_A7/code/core/ALU.v" into library xil_defaultlib
INFO: [VRFC 10-311] analyzing module ALU
INFO: [VRFC 10-2263] Analyzing Verilog file "D:/Projects/arch-fa23/src/lab2/Exp2_NEXYS_A7/code/auxillary/CPUTEST.v" into library xil_defaultlib
INFO: [VRFC 10-311] analyzing module CPUTEST
INFO: [VRFC 10-2263] Analyzing Verilog file "D:/Projects/arch-fa23/src/lab2/Exp2_NEXYS_A7/code/core/CSRRegs.v" into library xil_defaultlib
INFO: [VRFC 10-311] analyzing module CSRRegs
INFO: [VRFC 10-2263] Analyzing Verilog file "D:/Projects/arch-fa23/src/lab2/Exp2_NEXYS_A7/code/core/CtrlUnit.v" into library xil_defaultlib
INFO: [VRFC 10-311] analyzing module CtrlUnit
INFO: [VRFC 10-2263] Analyzing Verilog file "D:/Projects/arch-fa23/src/lab2/Exp2_NEXYS_A7/code/core/ExceptionUnit.v" into library xil_defaultlib
INFO: [VRFC 10-311] analyzing module ExceptionUnit
INFO: [VRFC 10-2263] Analyzing Verilog file "D:/Projects/arch-fa23/src/lab2/Exp2_NEXYS_A7/code/core/HazardDetectionUnit.v" into library xil_defaultlib
INFO: [VRFC 10-311] analyzing module HazardDetectionUnit
INFO: [VRFC 10-2263] Analyzing Verilog file "D:/Projects/arch-fa23/src/lab2/Exp2_NEXYS_A7/code/core/ImmGen.v" into library xil_defaultlib
INFO: [VRFC 10-311] analyzing module ImmGen
INFO: [VRFC 10-2263] Analyzing Verilog file "D:/Projects/arch-fa23/src/lab2/Exp2_NEXYS_A7/code/common/MUX2T1_32.v" into library xil_defaultlib
INFO: [VRFC 10-311] analyzing module MUX2T1_32
INFO: [VRFC 10-2263] Analyzing Verilog file "D:/Projects/arch-fa23/src/lab2/Exp2_NEXYS_A7/code/common/MUX4T1_32.v" into library xil_defaultlib
INFO: [VRFC 10-311] analyzing module MUX4T1_32
INFO: [VRFC 10-2263] Analyzing Verilog file "D:/Projects/arch-fa23/src/lab2/Exp2_NEXYS_A7/code/core/RAM_B.v" into library xil_defaultlib
INFO: [VRFC 10-311] analyzing module RAM_B
INFO: [VRFC 10-2263] Analyzing Verilog file "D:/Projects/arch-fa23/src/lab2/Exp2_NEXYS_A7/code/common/REG32.v" into library xil_defaultlib
INFO: [VRFC 10-311] analyzing module REG32
INFO: [VRFC 10-2263] Analyzing Verilog file "D:/Projects/arch-fa23/src/lab2/Exp2_NEXYS_A7/code/core/REG_EX_MEM.v" into library xil_defaultlib
INFO: [VRFC 10-311] analyzing module REG_EX_MEM
INFO: [VRFC 10-2263] Analyzing Verilog file "D:/Projects/arch-fa23/src/lab2/Exp2_NEXYS_A7/code/core/REG_ID_EX.v" into library xil_defaultlib
INFO: [VRFC 10-311] analyzing module REG_ID_EX
INFO: [VRFC 10-2263] Analyzing Verilog file "D:/Projects/arch-fa23/src/lab2/Exp2_NEXYS_A7/code/core/REG_IF_ID.v" into library xil_defaultlib
INFO: [VRFC 10-311] analyzing module REG_IF_ID
INFO: [VRFC 10-2263] Analyzing Verilog file "D:/Projects/arch-fa23/src/lab2/Exp2_NEXYS_A7/code/core/REG_MEM_WB.v" into library xil_defaultlib
INFO: [VRFC 10-311] analyzing module REG_MEM_WB
INFO: [VRFC 10-2263] Analyzing Verilog file "D:/Projects/arch-fa23/src/lab2/Exp2_NEXYS_A7/code/core/ROM_D.v" into library xil_defaultlib
INFO: [VRFC 10-311] analyzing module ROM_D
INFO: [VRFC 10-2263] Analyzing Verilog file "D:/Projects/arch-fa23/src/lab2/Exp2_NEXYS_A7/code/core/RV32core.v" into library xil_defaultlib
INFO: [VRFC 10-311] analyzing module RV32core
INFO: [VRFC 10-2458] undeclared symbol Addr, assumed default net type wire [D:/Projects/arch-fa23/src/lab2/Exp2_NEXYS_A7/code/core/RV32core.v:237]
INFO: [VRFC 10-2458] undeclared symbol MWR, assumed default net type wire [D:/Projects/arch-fa23/src/lab2/Exp2_NEXYS_A7/code/core/RV32core.v:238]
INFO: [VRFC 10-2263] Analyzing Verilog file "D:/Projects/arch-fa23/src/lab2/Exp2_NEXYS_A7/code/core/Regs.v" into library xil_defaultlib
INFO: [VRFC 10-311] analyzing module Regs
INFO: [VRFC 10-2263] Analyzing Verilog file "D:/Projects/arch-fa23/src/lab2/Exp2_NEXYS_A7/code/common/add_32.v" into library xil_defaultlib
INFO: [VRFC 10-311] analyzing module add_32
INFO: [VRFC 10-2263] Analyzing Verilog file "D:/Projects/arch-fa23/src/lab2/Exp2_NEXYS_A7/code/common/cmp_32.v" into library xil_defaultlib
INFO: [VRFC 10-311] analyzing module cmp_32
INFO: [VRFC 10-2263] Analyzing Verilog file "D:/Projects/arch-fa23/src/lab2/Exp2_NEXYS_A7/code/auxillary/debug_clk.v" into library xil_defaultlib
INFO: [VRFC 10-311] analyzing module debug_clk
INFO: [VRFC 10-2263] Analyzing Verilog file "D:/Projects/arch-fa23/src/lab2/Exp2_NEXYS_A7/code/sim/core_sim.v" into library xil_defaultlib
INFO: [VRFC 10-311] analyzing module core_sim
INFO: [USF-XSim-69] 'compile' step finished in '3' seconds
Command: launch_simulation -simset sim_1 -mode behavioral
INFO: [Vivado 12-5682] Launching behavioral simulation in 'D:/Projects/arch-fa23/src/lab2/Exp2_NEXYS_A7/Exp2.sim/sim_1/behav/xsim'
INFO: [USF-XSim-3] XSim::Elaborate design
INFO: [USF-XSim-61] Executing 'ELABORATE' step in 'D:/Projects/arch-fa23/src/lab2/Exp2_NEXYS_A7/Exp2.sim/sim_1/behav/xsim'
"xelab -wto bd08de18f65a4fff898ed77aa59a84cb --incr --debug typical --relax --mt 2 -L xil_defaultlib -L unisims_ver -L unimacro_ver -L secureip --snapshot core_sim_behav xil_defaultlib.core_sim xil_defaultlib.glbl -log elaborate.log"
Vivado Simulator 2020.2
Copyright 1986-1999, 2001-2020 Xilinx, Inc. All Rights Reserved.
Running: D:/Xilinx/Vivado/2020.2/bin/unwrapped/win64.o/xelab.exe -wto bd08de18f65a4fff898ed77aa59a84cb --incr --debug typical --relax --mt 2 -L xil_defaultlib -L unisims_ver -L unimacro_ver -L secureip --snapshot core_sim_behav xil_defaultlib.core_sim xil_defaultlib.glbl -log elaborate.log 
Using 2 slave threads.
Starting static elaboration
Pass Through NonSizing Optimizer
WARNING: [VRFC 10-3091] actual bit length 1 differs from formal bit length 2 for port 'PCSource' [D:/Projects/arch-fa23/src/lab2/Exp2_NEXYS_A7/code/core/RV32core.v:224]
WARNING: [VRFC 10-3091] actual bit length 1 differs from formal bit length 32 for port 'Addr' [D:/Projects/arch-fa23/src/lab2/Exp2_NEXYS_A7/code/core/RV32core.v:237]
WARNING: [VRFC 10-3091] actual bit length 1 differs from formal bit length 2 for port 'DatatoReg' [D:/Projects/arch-fa23/src/lab2/Exp2_NEXYS_A7/code/core/RV32core.v:241]
Completed static elaboration
Starting simulation data flow analysis
Completed simulation data flow analysis
Time Resolution for simulation is 1ps
Compiling module xil_defaultlib.debug_clk
Compiling module xil_defaultlib.REG32
Compiling module xil_defaultlib.add_32
Compiling module xil_defaultlib.MUX2T1_32
Compiling module xil_defaultlib.ROM_D
Compiling module xil_defaultlib.REG_IF_ID
Compiling module xil_defaultlib.CtrlUnit
Compiling module xil_defaultlib.Regs
Compiling module xil_defaultlib.ImmGen
Compiling module xil_defaultlib.MUX4T1_32
Compiling module xil_defaultlib.cmp_32
Compiling module xil_defaultlib.HazardDetectionUnit
Compiling module xil_defaultlib.REG_ID_EX
Compiling module xil_defaultlib.ALU
Compiling module xil_defaultlib.REG_EX_MEM
Compiling module xil_defaultlib.RAM_B
Compiling module xil_defaultlib.CSRRegs
Compiling module xil_defaultlib.ExceptionUnit
Compiling module xil_defaultlib.REG_MEM_WB
Compiling module xil_defaultlib.CPUTEST
Compiling module xil_defaultlib.RV32core
Compiling module xil_defaultlib.core_sim
Compiling module xil_defaultlib.glbl
Built simulation snapshot core_sim_behav
INFO: [USF-XSim-69] 'elaborate' step finished in '4' seconds
Vivado Simulator 2020.2
Time resolution is 1 ps
relaunch_xsim_kernel: Time (s): cpu = 00:00:03 ; elapsed = 00:00:10 . Memory (MB): peak = 2417.559 ; gain = 0.117
relaunch_sim: Time (s): cpu = 00:00:03 ; elapsed = 00:00:19 . Memory (MB): peak = 2417.559 ; gain = 0.117
relaunch_sim
Command: launch_simulation -simset sim_1 -mode behavioral
INFO: [Vivado 12-5682] Launching behavioral simulation in 'D:/Projects/arch-fa23/src/lab2/Exp2_NEXYS_A7/Exp2.sim/sim_1/behav/xsim'
INFO: [SIM-utils-51] Simulation object is 'sim_1'
INFO: [SIM-utils-54] Inspecting design source files for 'core_sim' in fileset 'sim_1'...
INFO: [USF-XSim-97] Finding global include files...
INFO: [USF-XSim-98] Fetching design files from 'sim_1'...
INFO: [USF-XSim-2] XSim::Compile design
INFO: [USF-XSim-61] Executing 'COMPILE and ANALYZE' step in 'D:/Projects/arch-fa23/src/lab2/Exp2_NEXYS_A7/Exp2.sim/sim_1/behav/xsim'
"xvlog --incr --relax -prj core_sim_vlog.prj"
INFO: [VRFC 10-2263] Analyzing Verilog file "D:/Projects/arch-fa23/src/lab2/Exp2_NEXYS_A7/code/core/ALU.v" into library xil_defaultlib
INFO: [VRFC 10-311] analyzing module ALU
INFO: [VRFC 10-2263] Analyzing Verilog file "D:/Projects/arch-fa23/src/lab2/Exp2_NEXYS_A7/code/auxillary/CPUTEST.v" into library xil_defaultlib
INFO: [VRFC 10-311] analyzing module CPUTEST
INFO: [VRFC 10-2263] Analyzing Verilog file "D:/Projects/arch-fa23/src/lab2/Exp2_NEXYS_A7/code/core/CSRRegs.v" into library xil_defaultlib
INFO: [VRFC 10-311] analyzing module CSRRegs
INFO: [VRFC 10-2263] Analyzing Verilog file "D:/Projects/arch-fa23/src/lab2/Exp2_NEXYS_A7/code/core/CtrlUnit.v" into library xil_defaultlib
INFO: [VRFC 10-311] analyzing module CtrlUnit
INFO: [VRFC 10-2263] Analyzing Verilog file "D:/Projects/arch-fa23/src/lab2/Exp2_NEXYS_A7/code/core/ExceptionUnit.v" into library xil_defaultlib
INFO: [VRFC 10-311] analyzing module ExceptionUnit
INFO: [VRFC 10-2263] Analyzing Verilog file "D:/Projects/arch-fa23/src/lab2/Exp2_NEXYS_A7/code/core/HazardDetectionUnit.v" into library xil_defaultlib
INFO: [VRFC 10-311] analyzing module HazardDetectionUnit
INFO: [VRFC 10-2263] Analyzing Verilog file "D:/Projects/arch-fa23/src/lab2/Exp2_NEXYS_A7/code/core/ImmGen.v" into library xil_defaultlib
INFO: [VRFC 10-311] analyzing module ImmGen
INFO: [VRFC 10-2263] Analyzing Verilog file "D:/Projects/arch-fa23/src/lab2/Exp2_NEXYS_A7/code/common/MUX2T1_32.v" into library xil_defaultlib
INFO: [VRFC 10-311] analyzing module MUX2T1_32
INFO: [VRFC 10-2263] Analyzing Verilog file "D:/Projects/arch-fa23/src/lab2/Exp2_NEXYS_A7/code/common/MUX4T1_32.v" into library xil_defaultlib
INFO: [VRFC 10-311] analyzing module MUX4T1_32
INFO: [VRFC 10-2263] Analyzing Verilog file "D:/Projects/arch-fa23/src/lab2/Exp2_NEXYS_A7/code/core/RAM_B.v" into library xil_defaultlib
INFO: [VRFC 10-311] analyzing module RAM_B
INFO: [VRFC 10-2263] Analyzing Verilog file "D:/Projects/arch-fa23/src/lab2/Exp2_NEXYS_A7/code/common/REG32.v" into library xil_defaultlib
INFO: [VRFC 10-311] analyzing module REG32
INFO: [VRFC 10-2263] Analyzing Verilog file "D:/Projects/arch-fa23/src/lab2/Exp2_NEXYS_A7/code/core/REG_EX_MEM.v" into library xil_defaultlib
INFO: [VRFC 10-311] analyzing module REG_EX_MEM
INFO: [VRFC 10-2263] Analyzing Verilog file "D:/Projects/arch-fa23/src/lab2/Exp2_NEXYS_A7/code/core/REG_ID_EX.v" into library xil_defaultlib
INFO: [VRFC 10-311] analyzing module REG_ID_EX
INFO: [VRFC 10-2263] Analyzing Verilog file "D:/Projects/arch-fa23/src/lab2/Exp2_NEXYS_A7/code/core/REG_IF_ID.v" into library xil_defaultlib
INFO: [VRFC 10-311] analyzing module REG_IF_ID
INFO: [VRFC 10-2263] Analyzing Verilog file "D:/Projects/arch-fa23/src/lab2/Exp2_NEXYS_A7/code/core/REG_MEM_WB.v" into library xil_defaultlib
INFO: [VRFC 10-311] analyzing module REG_MEM_WB
INFO: [VRFC 10-2263] Analyzing Verilog file "D:/Projects/arch-fa23/src/lab2/Exp2_NEXYS_A7/code/core/ROM_D.v" into library xil_defaultlib
INFO: [VRFC 10-311] analyzing module ROM_D
INFO: [VRFC 10-2263] Analyzing Verilog file "D:/Projects/arch-fa23/src/lab2/Exp2_NEXYS_A7/code/core/RV32core.v" into library xil_defaultlib
INFO: [VRFC 10-311] analyzing module RV32core
INFO: [VRFC 10-2458] undeclared symbol Addr, assumed default net type wire [D:/Projects/arch-fa23/src/lab2/Exp2_NEXYS_A7/code/core/RV32core.v:237]
INFO: [VRFC 10-2458] undeclared symbol MWR, assumed default net type wire [D:/Projects/arch-fa23/src/lab2/Exp2_NEXYS_A7/code/core/RV32core.v:238]
INFO: [VRFC 10-2263] Analyzing Verilog file "D:/Projects/arch-fa23/src/lab2/Exp2_NEXYS_A7/code/core/Regs.v" into library xil_defaultlib
INFO: [VRFC 10-311] analyzing module Regs
INFO: [VRFC 10-2263] Analyzing Verilog file "D:/Projects/arch-fa23/src/lab2/Exp2_NEXYS_A7/code/common/add_32.v" into library xil_defaultlib
INFO: [VRFC 10-311] analyzing module add_32
INFO: [VRFC 10-2263] Analyzing Verilog file "D:/Projects/arch-fa23/src/lab2/Exp2_NEXYS_A7/code/common/cmp_32.v" into library xil_defaultlib
INFO: [VRFC 10-311] analyzing module cmp_32
INFO: [VRFC 10-2263] Analyzing Verilog file "D:/Projects/arch-fa23/src/lab2/Exp2_NEXYS_A7/code/auxillary/debug_clk.v" into library xil_defaultlib
INFO: [VRFC 10-311] analyzing module debug_clk
INFO: [VRFC 10-2263] Analyzing Verilog file "D:/Projects/arch-fa23/src/lab2/Exp2_NEXYS_A7/code/sim/core_sim.v" into library xil_defaultlib
INFO: [VRFC 10-311] analyzing module core_sim
INFO: [USF-XSim-69] 'compile' step finished in '3' seconds
launch_simulation: Time (s): cpu = 00:00:00 ; elapsed = 00:00:05 . Memory (MB): peak = 2465.988 ; gain = 0.000
Command: launch_simulation -simset sim_1 -mode behavioral
INFO: [Vivado 12-5682] Launching behavioral simulation in 'D:/Projects/arch-fa23/src/lab2/Exp2_NEXYS_A7/Exp2.sim/sim_1/behav/xsim'
INFO: [USF-XSim-3] XSim::Elaborate design
INFO: [USF-XSim-61] Executing 'ELABORATE' step in 'D:/Projects/arch-fa23/src/lab2/Exp2_NEXYS_A7/Exp2.sim/sim_1/behav/xsim'
"xelab -wto bd08de18f65a4fff898ed77aa59a84cb --incr --debug typical --relax --mt 2 -L xil_defaultlib -L unisims_ver -L unimacro_ver -L secureip --snapshot core_sim_behav xil_defaultlib.core_sim xil_defaultlib.glbl -log elaborate.log"
Vivado Simulator 2020.2
Copyright 1986-1999, 2001-2020 Xilinx, Inc. All Rights Reserved.
Running: D:/Xilinx/Vivado/2020.2/bin/unwrapped/win64.o/xelab.exe -wto bd08de18f65a4fff898ed77aa59a84cb --incr --debug typical --relax --mt 2 -L xil_defaultlib -L unisims_ver -L unimacro_ver -L secureip --snapshot core_sim_behav xil_defaultlib.core_sim xil_defaultlib.glbl -log elaborate.log 
Using 2 slave threads.
Starting static elaboration
Pass Through NonSizing Optimizer
WARNING: [VRFC 10-3091] actual bit length 1 differs from formal bit length 2 for port 'PCSource' [D:/Projects/arch-fa23/src/lab2/Exp2_NEXYS_A7/code/core/RV32core.v:224]
WARNING: [VRFC 10-3091] actual bit length 1 differs from formal bit length 32 for port 'Addr' [D:/Projects/arch-fa23/src/lab2/Exp2_NEXYS_A7/code/core/RV32core.v:237]
WARNING: [VRFC 10-3091] actual bit length 1 differs from formal bit length 2 for port 'DatatoReg' [D:/Projects/arch-fa23/src/lab2/Exp2_NEXYS_A7/code/core/RV32core.v:241]
Completed static elaboration
Starting simulation data flow analysis
Completed simulation data flow analysis
Time Resolution for simulation is 1ps
Compiling module xil_defaultlib.debug_clk
Compiling module xil_defaultlib.REG32
Compiling module xil_defaultlib.add_32
Compiling module xil_defaultlib.MUX2T1_32
Compiling module xil_defaultlib.ROM_D
Compiling module xil_defaultlib.REG_IF_ID
Compiling module xil_defaultlib.CtrlUnit
Compiling module xil_defaultlib.Regs
Compiling module xil_defaultlib.ImmGen
Compiling module xil_defaultlib.MUX4T1_32
Compiling module xil_defaultlib.cmp_32
Compiling module xil_defaultlib.HazardDetectionUnit
Compiling module xil_defaultlib.REG_ID_EX
Compiling module xil_defaultlib.ALU
Compiling module xil_defaultlib.REG_EX_MEM
Compiling module xil_defaultlib.RAM_B
Compiling module xil_defaultlib.CSRRegs
Compiling module xil_defaultlib.ExceptionUnit
Compiling module xil_defaultlib.REG_MEM_WB
Compiling module xil_defaultlib.CPUTEST
Compiling module xil_defaultlib.RV32core
Compiling module xil_defaultlib.core_sim
Compiling module xil_defaultlib.glbl
Built simulation snapshot core_sim_behav
INFO: [USF-XSim-69] 'elaborate' step finished in '5' seconds
Vivado Simulator 2020.2
Time resolution is 1 ps
relaunch_xsim_kernel: Time (s): cpu = 00:00:03 ; elapsed = 00:00:10 . Memory (MB): peak = 2466.234 ; gain = 0.246
relaunch_sim: Time (s): cpu = 00:00:04 ; elapsed = 00:00:21 . Memory (MB): peak = 2466.234 ; gain = 0.246
relaunch_sim
Command: launch_simulation -simset sim_1 -mode behavioral
INFO: [Vivado 12-5682] Launching behavioral simulation in 'D:/Projects/arch-fa23/src/lab2/Exp2_NEXYS_A7/Exp2.sim/sim_1/behav/xsim'
INFO: [SIM-utils-51] Simulation object is 'sim_1'
INFO: [SIM-utils-54] Inspecting design source files for 'core_sim' in fileset 'sim_1'...
INFO: [USF-XSim-97] Finding global include files...
INFO: [USF-XSim-98] Fetching design files from 'sim_1'...
INFO: [USF-XSim-2] XSim::Compile design
INFO: [USF-XSim-61] Executing 'COMPILE and ANALYZE' step in 'D:/Projects/arch-fa23/src/lab2/Exp2_NEXYS_A7/Exp2.sim/sim_1/behav/xsim'
"xvlog --incr --relax -prj core_sim_vlog.prj"
INFO: [USF-XSim-69] 'compile' step finished in '2' seconds
Command: launch_simulation -simset sim_1 -mode behavioral
INFO: [Vivado 12-5682] Launching behavioral simulation in 'D:/Projects/arch-fa23/src/lab2/Exp2_NEXYS_A7/Exp2.sim/sim_1/behav/xsim'
INFO: [USF-XSim-3] XSim::Elaborate design
INFO: [USF-XSim-61] Executing 'ELABORATE' step in 'D:/Projects/arch-fa23/src/lab2/Exp2_NEXYS_A7/Exp2.sim/sim_1/behav/xsim'
"xelab -wto bd08de18f65a4fff898ed77aa59a84cb --incr --debug typical --relax --mt 2 -L xil_defaultlib -L unisims_ver -L unimacro_ver -L secureip --snapshot core_sim_behav xil_defaultlib.core_sim xil_defaultlib.glbl -log elaborate.log"
Vivado Simulator 2020.2
Copyright 1986-1999, 2001-2020 Xilinx, Inc. All Rights Reserved.
Running: D:/Xilinx/Vivado/2020.2/bin/unwrapped/win64.o/xelab.exe -wto bd08de18f65a4fff898ed77aa59a84cb --incr --debug typical --relax --mt 2 -L xil_defaultlib -L unisims_ver -L unimacro_ver -L secureip --snapshot core_sim_behav xil_defaultlib.core_sim xil_defaultlib.glbl -log elaborate.log 
Using 2 slave threads.
Starting static elaboration
Pass Through NonSizing Optimizer
WARNING: [VRFC 10-3091] actual bit length 1 differs from formal bit length 2 for port 'PCSource' [D:/Projects/arch-fa23/src/lab2/Exp2_NEXYS_A7/code/core/RV32core.v:224]
WARNING: [VRFC 10-3091] actual bit length 1 differs from formal bit length 32 for port 'Addr' [D:/Projects/arch-fa23/src/lab2/Exp2_NEXYS_A7/code/core/RV32core.v:237]
WARNING: [VRFC 10-3091] actual bit length 1 differs from formal bit length 2 for port 'DatatoReg' [D:/Projects/arch-fa23/src/lab2/Exp2_NEXYS_A7/code/core/RV32core.v:241]
Completed static elaboration
INFO: [XSIM 43-4323] No Change in HDL. Linking previously generated obj files to create kernel
INFO: [USF-XSim-69] 'elaborate' step finished in '3' seconds
Vivado Simulator 2020.2
Time resolution is 1 ps
relaunch_xsim_kernel: Time (s): cpu = 00:00:03 ; elapsed = 00:00:10 . Memory (MB): peak = 2466.570 ; gain = 0.168
relaunch_sim: Time (s): cpu = 00:00:03 ; elapsed = 00:00:16 . Memory (MB): peak = 2466.570 ; gain = 0.168
update_compile_order -fileset sources_1
relaunch_sim
Command: launch_simulation -simset sim_1 -mode behavioral
INFO: [Vivado 12-5682] Launching behavioral simulation in 'D:/Projects/arch-fa23/src/lab2/Exp2_NEXYS_A7/Exp2.sim/sim_1/behav/xsim'
INFO: [SIM-utils-51] Simulation object is 'sim_1'
INFO: [SIM-utils-54] Inspecting design source files for 'core_sim' in fileset 'sim_1'...
INFO: [USF-XSim-97] Finding global include files...
INFO: [USF-XSim-98] Fetching design files from 'sim_1'...
INFO: [USF-XSim-2] XSim::Compile design
INFO: [USF-XSim-61] Executing 'COMPILE and ANALYZE' step in 'D:/Projects/arch-fa23/src/lab2/Exp2_NEXYS_A7/Exp2.sim/sim_1/behav/xsim'
"xvlog --incr --relax -prj core_sim_vlog.prj"
INFO: [VRFC 10-2263] Analyzing Verilog file "D:/Projects/arch-fa23/src/lab2/Exp2_NEXYS_A7/code/core/ALU.v" into library xil_defaultlib
INFO: [VRFC 10-311] analyzing module ALU
INFO: [VRFC 10-2263] Analyzing Verilog file "D:/Projects/arch-fa23/src/lab2/Exp2_NEXYS_A7/code/auxillary/CPUTEST.v" into library xil_defaultlib
INFO: [VRFC 10-311] analyzing module CPUTEST
INFO: [VRFC 10-2263] Analyzing Verilog file "D:/Projects/arch-fa23/src/lab2/Exp2_NEXYS_A7/code/core/CSRRegs.v" into library xil_defaultlib
INFO: [VRFC 10-311] analyzing module CSRRegs
INFO: [VRFC 10-2263] Analyzing Verilog file "D:/Projects/arch-fa23/src/lab2/Exp2_NEXYS_A7/code/core/CtrlUnit.v" into library xil_defaultlib
INFO: [VRFC 10-311] analyzing module CtrlUnit
INFO: [VRFC 10-2263] Analyzing Verilog file "D:/Projects/arch-fa23/src/lab2/Exp2_NEXYS_A7/code/core/ExceptionUnit.v" into library xil_defaultlib
INFO: [VRFC 10-311] analyzing module ExceptionUnit
INFO: [VRFC 10-2263] Analyzing Verilog file "D:/Projects/arch-fa23/src/lab2/Exp2_NEXYS_A7/code/core/HazardDetectionUnit.v" into library xil_defaultlib
INFO: [VRFC 10-311] analyzing module HazardDetectionUnit
INFO: [VRFC 10-2263] Analyzing Verilog file "D:/Projects/arch-fa23/src/lab2/Exp2_NEXYS_A7/code/core/ImmGen.v" into library xil_defaultlib
INFO: [VRFC 10-311] analyzing module ImmGen
INFO: [VRFC 10-2263] Analyzing Verilog file "D:/Projects/arch-fa23/src/lab2/Exp2_NEXYS_A7/code/common/MUX2T1_32.v" into library xil_defaultlib
INFO: [VRFC 10-311] analyzing module MUX2T1_32
INFO: [VRFC 10-2263] Analyzing Verilog file "D:/Projects/arch-fa23/src/lab2/Exp2_NEXYS_A7/code/common/MUX4T1_32.v" into library xil_defaultlib
INFO: [VRFC 10-311] analyzing module MUX4T1_32
INFO: [VRFC 10-2263] Analyzing Verilog file "D:/Projects/arch-fa23/src/lab2/Exp2_NEXYS_A7/code/core/RAM_B.v" into library xil_defaultlib
INFO: [VRFC 10-311] analyzing module RAM_B
INFO: [VRFC 10-2263] Analyzing Verilog file "D:/Projects/arch-fa23/src/lab2/Exp2_NEXYS_A7/code/common/REG32.v" into library xil_defaultlib
INFO: [VRFC 10-311] analyzing module REG32
INFO: [VRFC 10-2263] Analyzing Verilog file "D:/Projects/arch-fa23/src/lab2/Exp2_NEXYS_A7/code/core/REG_EX_MEM.v" into library xil_defaultlib
INFO: [VRFC 10-311] analyzing module REG_EX_MEM
INFO: [VRFC 10-2263] Analyzing Verilog file "D:/Projects/arch-fa23/src/lab2/Exp2_NEXYS_A7/code/core/REG_ID_EX.v" into library xil_defaultlib
INFO: [VRFC 10-311] analyzing module REG_ID_EX
INFO: [VRFC 10-2263] Analyzing Verilog file "D:/Projects/arch-fa23/src/lab2/Exp2_NEXYS_A7/code/core/REG_IF_ID.v" into library xil_defaultlib
INFO: [VRFC 10-311] analyzing module REG_IF_ID
INFO: [VRFC 10-2263] Analyzing Verilog file "D:/Projects/arch-fa23/src/lab2/Exp2_NEXYS_A7/code/core/REG_MEM_WB.v" into library xil_defaultlib
INFO: [VRFC 10-311] analyzing module REG_MEM_WB
INFO: [VRFC 10-2263] Analyzing Verilog file "D:/Projects/arch-fa23/src/lab2/Exp2_NEXYS_A7/code/core/ROM_D.v" into library xil_defaultlib
INFO: [VRFC 10-311] analyzing module ROM_D
INFO: [VRFC 10-2263] Analyzing Verilog file "D:/Projects/arch-fa23/src/lab2/Exp2_NEXYS_A7/code/core/RV32core.v" into library xil_defaultlib
INFO: [VRFC 10-311] analyzing module RV32core
INFO: [VRFC 10-2458] undeclared symbol Addr, assumed default net type wire [D:/Projects/arch-fa23/src/lab2/Exp2_NEXYS_A7/code/core/RV32core.v:237]
INFO: [VRFC 10-2458] undeclared symbol MWR, assumed default net type wire [D:/Projects/arch-fa23/src/lab2/Exp2_NEXYS_A7/code/core/RV32core.v:238]
INFO: [VRFC 10-2263] Analyzing Verilog file "D:/Projects/arch-fa23/src/lab2/Exp2_NEXYS_A7/code/core/Regs.v" into library xil_defaultlib
INFO: [VRFC 10-311] analyzing module Regs
INFO: [VRFC 10-2263] Analyzing Verilog file "D:/Projects/arch-fa23/src/lab2/Exp2_NEXYS_A7/code/common/add_32.v" into library xil_defaultlib
INFO: [VRFC 10-311] analyzing module add_32
INFO: [VRFC 10-2263] Analyzing Verilog file "D:/Projects/arch-fa23/src/lab2/Exp2_NEXYS_A7/code/common/cmp_32.v" into library xil_defaultlib
INFO: [VRFC 10-311] analyzing module cmp_32
INFO: [VRFC 10-2263] Analyzing Verilog file "D:/Projects/arch-fa23/src/lab2/Exp2_NEXYS_A7/code/auxillary/debug_clk.v" into library xil_defaultlib
INFO: [VRFC 10-311] analyzing module debug_clk
INFO: [VRFC 10-2263] Analyzing Verilog file "D:/Projects/arch-fa23/src/lab2/Exp2_NEXYS_A7/code/sim/core_sim.v" into library xil_defaultlib
INFO: [VRFC 10-311] analyzing module core_sim
INFO: [USF-XSim-69] 'compile' step finished in '3' seconds
Command: launch_simulation -simset sim_1 -mode behavioral
INFO: [Vivado 12-5682] Launching behavioral simulation in 'D:/Projects/arch-fa23/src/lab2/Exp2_NEXYS_A7/Exp2.sim/sim_1/behav/xsim'
INFO: [USF-XSim-3] XSim::Elaborate design
INFO: [USF-XSim-61] Executing 'ELABORATE' step in 'D:/Projects/arch-fa23/src/lab2/Exp2_NEXYS_A7/Exp2.sim/sim_1/behav/xsim'
"xelab -wto bd08de18f65a4fff898ed77aa59a84cb --incr --debug typical --relax --mt 2 -L xil_defaultlib -L unisims_ver -L unimacro_ver -L secureip --snapshot core_sim_behav xil_defaultlib.core_sim xil_defaultlib.glbl -log elaborate.log"
Vivado Simulator 2020.2
Copyright 1986-1999, 2001-2020 Xilinx, Inc. All Rights Reserved.
Running: D:/Xilinx/Vivado/2020.2/bin/unwrapped/win64.o/xelab.exe -wto bd08de18f65a4fff898ed77aa59a84cb --incr --debug typical --relax --mt 2 -L xil_defaultlib -L unisims_ver -L unimacro_ver -L secureip --snapshot core_sim_behav xil_defaultlib.core_sim xil_defaultlib.glbl -log elaborate.log 
Using 2 slave threads.
Starting static elaboration
Pass Through NonSizing Optimizer
WARNING: [VRFC 10-3091] actual bit length 1 differs from formal bit length 2 for port 'PCSource' [D:/Projects/arch-fa23/src/lab2/Exp2_NEXYS_A7/code/core/RV32core.v:224]
WARNING: [VRFC 10-3091] actual bit length 1 differs from formal bit length 32 for port 'Addr' [D:/Projects/arch-fa23/src/lab2/Exp2_NEXYS_A7/code/core/RV32core.v:237]
WARNING: [VRFC 10-3091] actual bit length 1 differs from formal bit length 2 for port 'DatatoReg' [D:/Projects/arch-fa23/src/lab2/Exp2_NEXYS_A7/code/core/RV32core.v:241]
Completed static elaboration
Starting simulation data flow analysis
Completed simulation data flow analysis
Time Resolution for simulation is 1ps
Compiling module xil_defaultlib.debug_clk
Compiling module xil_defaultlib.REG32
Compiling module xil_defaultlib.add_32
Compiling module xil_defaultlib.MUX2T1_32
Compiling module xil_defaultlib.ROM_D
Compiling module xil_defaultlib.REG_IF_ID
Compiling module xil_defaultlib.CtrlUnit
Compiling module xil_defaultlib.Regs
Compiling module xil_defaultlib.ImmGen
Compiling module xil_defaultlib.MUX4T1_32
Compiling module xil_defaultlib.cmp_32
Compiling module xil_defaultlib.HazardDetectionUnit
Compiling module xil_defaultlib.REG_ID_EX
Compiling module xil_defaultlib.ALU
Compiling module xil_defaultlib.REG_EX_MEM
Compiling module xil_defaultlib.RAM_B
Compiling module xil_defaultlib.CSRRegs
Compiling module xil_defaultlib.ExceptionUnit
Compiling module xil_defaultlib.REG_MEM_WB
Compiling module xil_defaultlib.CPUTEST
Compiling module xil_defaultlib.RV32core
Compiling module xil_defaultlib.core_sim
Compiling module xil_defaultlib.glbl
Built simulation snapshot core_sim_behav
INFO: [USF-XSim-69] 'elaborate' step finished in '5' seconds
Vivado Simulator 2020.2
Time resolution is 1 ps
relaunch_xsim_kernel: Time (s): cpu = 00:00:02 ; elapsed = 00:00:10 . Memory (MB): peak = 2467.016 ; gain = 0.445
relaunch_sim: Time (s): cpu = 00:00:03 ; elapsed = 00:00:19 . Memory (MB): peak = 2467.016 ; gain = 0.445
update_compile_order -fileset sources_1
current_wave_config {core_sim_behav.wcfg}
core_sim_behav.wcfg
add_wave {{/core_sim/core/exp_unit/csr}} 
relaunch_sim
Command: launch_simulation -simset sim_1 -mode behavioral
INFO: [Vivado 12-5682] Launching behavioral simulation in 'D:/Projects/arch-fa23/src/lab2/Exp2_NEXYS_A7/Exp2.sim/sim_1/behav/xsim'
INFO: [SIM-utils-51] Simulation object is 'sim_1'
INFO: [SIM-utils-54] Inspecting design source files for 'core_sim' in fileset 'sim_1'...
INFO: [USF-XSim-97] Finding global include files...
INFO: [USF-XSim-98] Fetching design files from 'sim_1'...
INFO: [USF-XSim-2] XSim::Compile design
INFO: [USF-XSim-61] Executing 'COMPILE and ANALYZE' step in 'D:/Projects/arch-fa23/src/lab2/Exp2_NEXYS_A7/Exp2.sim/sim_1/behav/xsim'
"xvlog --incr --relax -prj core_sim_vlog.prj"
INFO: [USF-XSim-69] 'compile' step finished in '2' seconds
Command: launch_simulation -simset sim_1 -mode behavioral
INFO: [Vivado 12-5682] Launching behavioral simulation in 'D:/Projects/arch-fa23/src/lab2/Exp2_NEXYS_A7/Exp2.sim/sim_1/behav/xsim'
INFO: [USF-XSim-3] XSim::Elaborate design
INFO: [USF-XSim-61] Executing 'ELABORATE' step in 'D:/Projects/arch-fa23/src/lab2/Exp2_NEXYS_A7/Exp2.sim/sim_1/behav/xsim'
"xelab -wto bd08de18f65a4fff898ed77aa59a84cb --incr --debug typical --relax --mt 2 -L xil_defaultlib -L unisims_ver -L unimacro_ver -L secureip --snapshot core_sim_behav xil_defaultlib.core_sim xil_defaultlib.glbl -log elaborate.log"
Vivado Simulator 2020.2
Copyright 1986-1999, 2001-2020 Xilinx, Inc. All Rights Reserved.
Running: D:/Xilinx/Vivado/2020.2/bin/unwrapped/win64.o/xelab.exe -wto bd08de18f65a4fff898ed77aa59a84cb --incr --debug typical --relax --mt 2 -L xil_defaultlib -L unisims_ver -L unimacro_ver -L secureip --snapshot core_sim_behav xil_defaultlib.core_sim xil_defaultlib.glbl -log elaborate.log 
Using 2 slave threads.
Starting static elaboration
Pass Through NonSizing Optimizer
WARNING: [VRFC 10-3091] actual bit length 1 differs from formal bit length 2 for port 'PCSource' [D:/Projects/arch-fa23/src/lab2/Exp2_NEXYS_A7/code/core/RV32core.v:224]
WARNING: [VRFC 10-3091] actual bit length 1 differs from formal bit length 32 for port 'Addr' [D:/Projects/arch-fa23/src/lab2/Exp2_NEXYS_A7/code/core/RV32core.v:237]
WARNING: [VRFC 10-3091] actual bit length 1 differs from formal bit length 2 for port 'DatatoReg' [D:/Projects/arch-fa23/src/lab2/Exp2_NEXYS_A7/code/core/RV32core.v:241]
Completed static elaboration
INFO: [XSIM 43-4323] No Change in HDL. Linking previously generated obj files to create kernel
INFO: [USF-XSim-69] 'elaborate' step finished in '2' seconds
Vivado Simulator 2020.2
Time resolution is 1 ps
relaunch_xsim_kernel: Time (s): cpu = 00:00:02 ; elapsed = 00:00:10 . Memory (MB): peak = 2467.145 ; gain = 0.000
relaunch_sim: Time (s): cpu = 00:00:03 ; elapsed = 00:00:16 . Memory (MB): peak = 2467.145 ; gain = 0.000
close_sim
INFO: [Simtcl 6-16] Simulation closed
launch_simulation
Command: launch_simulation 
INFO: [Vivado 12-5682] Launching behavioral simulation in 'D:/Projects/arch-fa23/src/lab2/Exp2_NEXYS_A7/Exp2.sim/sim_1/behav/xsim'
INFO: [SIM-utils-51] Simulation object is 'sim_1'
INFO: [SIM-utils-54] Inspecting design source files for 'core_sim' in fileset 'sim_1'...
INFO: [USF-XSim-97] Finding global include files...
INFO: [USF-XSim-98] Fetching design files from 'sim_1'...
INFO: [USF-XSim-2] XSim::Compile design
INFO: [USF-XSim-61] Executing 'COMPILE and ANALYZE' step in 'D:/Projects/arch-fa23/src/lab2/Exp2_NEXYS_A7/Exp2.sim/sim_1/behav/xsim'
"xvlog --incr --relax -prj core_sim_vlog.prj"
INFO: [USF-XSim-69] 'compile' step finished in '2' seconds
INFO: [USF-XSim-3] XSim::Elaborate design
INFO: [USF-XSim-61] Executing 'ELABORATE' step in 'D:/Projects/arch-fa23/src/lab2/Exp2_NEXYS_A7/Exp2.sim/sim_1/behav/xsim'
"xelab -wto bd08de18f65a4fff898ed77aa59a84cb --incr --debug typical --relax --mt 2 -L xil_defaultlib -L unisims_ver -L unimacro_ver -L secureip --snapshot core_sim_behav xil_defaultlib.core_sim xil_defaultlib.glbl -log elaborate.log"
Vivado Simulator 2020.2
Copyright 1986-1999, 2001-2020 Xilinx, Inc. All Rights Reserved.
Running: D:/Xilinx/Vivado/2020.2/bin/unwrapped/win64.o/xelab.exe -wto bd08de18f65a4fff898ed77aa59a84cb --incr --debug typical --relax --mt 2 -L xil_defaultlib -L unisims_ver -L unimacro_ver -L secureip --snapshot core_sim_behav xil_defaultlib.core_sim xil_defaultlib.glbl -log elaborate.log 
Using 2 slave threads.
Starting static elaboration
Pass Through NonSizing Optimizer
WARNING: [VRFC 10-3091] actual bit length 1 differs from formal bit length 2 for port 'PCSource' [D:/Projects/arch-fa23/src/lab2/Exp2_NEXYS_A7/code/core/RV32core.v:224]
WARNING: [VRFC 10-3091] actual bit length 1 differs from formal bit length 32 for port 'Addr' [D:/Projects/arch-fa23/src/lab2/Exp2_NEXYS_A7/code/core/RV32core.v:237]
WARNING: [VRFC 10-3091] actual bit length 1 differs from formal bit length 2 for port 'DatatoReg' [D:/Projects/arch-fa23/src/lab2/Exp2_NEXYS_A7/code/core/RV32core.v:241]
Completed static elaboration
INFO: [XSIM 43-4323] No Change in HDL. Linking previously generated obj files to create kernel
INFO: [USF-XSim-69] 'elaborate' step finished in '2' seconds
INFO: [USF-XSim-4] XSim::Simulate design
INFO: [USF-XSim-61] Executing 'SIMULATE' step in 'D:/Projects/arch-fa23/src/lab2/Exp2_NEXYS_A7/Exp2.sim/sim_1/behav/xsim'
INFO: [USF-XSim-98] *** Running xsim
   with args "core_sim_behav -key {Behavioral:sim_1:Functional:core_sim} -tclbatch {core_sim.tcl} -view {D:/Projects/arch-fa23/src/lab2/Exp2_NEXYS_A7/code/sim/core_sim_behav.wcfg} -log {simulate.log}"
INFO: [USF-XSim-8] Loading simulator feature
Vivado Simulator 2020.2
Time resolution is 1 ps
open_wave_config D:/Projects/arch-fa23/src/lab2/Exp2_NEXYS_A7/code/sim/core_sim_behav.wcfg
source core_sim.tcl
# set curr_wave [current_wave_config]
# if { [string length $curr_wave] == 0 } {
#   if { [llength [get_objects]] > 0} {
#     add_wave /
#     set_property needs_save false [current_wave_config]
#   } else {
#      send_msg_id Add_Wave-1 WARNING "No top level signals found. Simulator will start without a wave window. If you want to open a wave window go to 'File->New Waveform Configuration' or type 'create_wave_config' in the TCL console."
#   }
# }
# run 1000ns
xsim: Time (s): cpu = 00:00:05 ; elapsed = 00:00:11 . Memory (MB): peak = 2467.238 ; gain = 0.000
INFO: [USF-XSim-96] XSim completed. Design snapshot 'core_sim_behav' loaded.
INFO: [USF-XSim-97] XSim simulation ran for 1000ns
launch_simulation: Time (s): cpu = 00:00:06 ; elapsed = 00:00:16 . Memory (MB): peak = 2467.238 ; gain = 0.000
current_wave_config {core_sim_behav.wcfg}
core_sim_behav.wcfg
add_wave {{/core_sim/core/exp_unit}} 
current_wave_config {core_sim_behav.wcfg}
core_sim_behav.wcfg
add_wave {{/core_sim/core/register}} 
relaunch_sim
Command: launch_simulation -simset sim_1 -mode behavioral
INFO: [Vivado 12-5682] Launching behavioral simulation in 'D:/Projects/arch-fa23/src/lab2/Exp2_NEXYS_A7/Exp2.sim/sim_1/behav/xsim'
INFO: [SIM-utils-51] Simulation object is 'sim_1'
INFO: [SIM-utils-54] Inspecting design source files for 'core_sim' in fileset 'sim_1'...
INFO: [USF-XSim-97] Finding global include files...
INFO: [USF-XSim-98] Fetching design files from 'sim_1'...
INFO: [USF-XSim-2] XSim::Compile design
INFO: [USF-XSim-61] Executing 'COMPILE and ANALYZE' step in 'D:/Projects/arch-fa23/src/lab2/Exp2_NEXYS_A7/Exp2.sim/sim_1/behav/xsim'
"xvlog --incr --relax -prj core_sim_vlog.prj"
INFO: [USF-XSim-69] 'compile' step finished in '2' seconds
Command: launch_simulation -simset sim_1 -mode behavioral
INFO: [Vivado 12-5682] Launching behavioral simulation in 'D:/Projects/arch-fa23/src/lab2/Exp2_NEXYS_A7/Exp2.sim/sim_1/behav/xsim'
INFO: [USF-XSim-3] XSim::Elaborate design
INFO: [USF-XSim-61] Executing 'ELABORATE' step in 'D:/Projects/arch-fa23/src/lab2/Exp2_NEXYS_A7/Exp2.sim/sim_1/behav/xsim'
"xelab -wto bd08de18f65a4fff898ed77aa59a84cb --incr --debug typical --relax --mt 2 -L xil_defaultlib -L unisims_ver -L unimacro_ver -L secureip --snapshot core_sim_behav xil_defaultlib.core_sim xil_defaultlib.glbl -log elaborate.log"
Vivado Simulator 2020.2
Copyright 1986-1999, 2001-2020 Xilinx, Inc. All Rights Reserved.
Running: D:/Xilinx/Vivado/2020.2/bin/unwrapped/win64.o/xelab.exe -wto bd08de18f65a4fff898ed77aa59a84cb --incr --debug typical --relax --mt 2 -L xil_defaultlib -L unisims_ver -L unimacro_ver -L secureip --snapshot core_sim_behav xil_defaultlib.core_sim xil_defaultlib.glbl -log elaborate.log 
Using 2 slave threads.
Starting static elaboration
Pass Through NonSizing Optimizer
WARNING: [VRFC 10-3091] actual bit length 1 differs from formal bit length 2 for port 'PCSource' [D:/Projects/arch-fa23/src/lab2/Exp2_NEXYS_A7/code/core/RV32core.v:224]
WARNING: [VRFC 10-3091] actual bit length 1 differs from formal bit length 32 for port 'Addr' [D:/Projects/arch-fa23/src/lab2/Exp2_NEXYS_A7/code/core/RV32core.v:237]
WARNING: [VRFC 10-3091] actual bit length 1 differs from formal bit length 2 for port 'DatatoReg' [D:/Projects/arch-fa23/src/lab2/Exp2_NEXYS_A7/code/core/RV32core.v:241]
Completed static elaboration
INFO: [XSIM 43-4323] No Change in HDL. Linking previously generated obj files to create kernel
INFO: [USF-XSim-69] 'elaborate' step finished in '2' seconds
Vivado Simulator 2020.2
Time resolution is 1 ps
relaunch_xsim_kernel: Time (s): cpu = 00:00:01 ; elapsed = 00:00:09 . Memory (MB): peak = 2467.238 ; gain = 0.000
relaunch_sim: Time (s): cpu = 00:00:03 ; elapsed = 00:00:15 . Memory (MB): peak = 2467.238 ; gain = 0.000
current_wave_config {core_sim_behav.wcfg}
core_sim_behav.wcfg
add_wave {{/core_sim/core/exp_unit/csr}} 
relaunch_sim
Command: launch_simulation -simset sim_1 -mode behavioral
INFO: [Vivado 12-5682] Launching behavioral simulation in 'D:/Projects/arch-fa23/src/lab2/Exp2_NEXYS_A7/Exp2.sim/sim_1/behav/xsim'
INFO: [SIM-utils-51] Simulation object is 'sim_1'
INFO: [SIM-utils-54] Inspecting design source files for 'core_sim' in fileset 'sim_1'...
INFO: [USF-XSim-97] Finding global include files...
INFO: [USF-XSim-98] Fetching design files from 'sim_1'...
INFO: [USF-XSim-2] XSim::Compile design
INFO: [USF-XSim-61] Executing 'COMPILE and ANALYZE' step in 'D:/Projects/arch-fa23/src/lab2/Exp2_NEXYS_A7/Exp2.sim/sim_1/behav/xsim'
"xvlog --incr --relax -prj core_sim_vlog.prj"
INFO: [USF-XSim-69] 'compile' step finished in '1' seconds
Command: launch_simulation -simset sim_1 -mode behavioral
INFO: [Vivado 12-5682] Launching behavioral simulation in 'D:/Projects/arch-fa23/src/lab2/Exp2_NEXYS_A7/Exp2.sim/sim_1/behav/xsim'
INFO: [USF-XSim-3] XSim::Elaborate design
INFO: [USF-XSim-61] Executing 'ELABORATE' step in 'D:/Projects/arch-fa23/src/lab2/Exp2_NEXYS_A7/Exp2.sim/sim_1/behav/xsim'
"xelab -wto bd08de18f65a4fff898ed77aa59a84cb --incr --debug typical --relax --mt 2 -L xil_defaultlib -L unisims_ver -L unimacro_ver -L secureip --snapshot core_sim_behav xil_defaultlib.core_sim xil_defaultlib.glbl -log elaborate.log"
Vivado Simulator 2020.2
Copyright 1986-1999, 2001-2020 Xilinx, Inc. All Rights Reserved.
Running: D:/Xilinx/Vivado/2020.2/bin/unwrapped/win64.o/xelab.exe -wto bd08de18f65a4fff898ed77aa59a84cb --incr --debug typical --relax --mt 2 -L xil_defaultlib -L unisims_ver -L unimacro_ver -L secureip --snapshot core_sim_behav xil_defaultlib.core_sim xil_defaultlib.glbl -log elaborate.log 
Using 2 slave threads.
Starting static elaboration
Pass Through NonSizing Optimizer
WARNING: [VRFC 10-3091] actual bit length 1 differs from formal bit length 2 for port 'PCSource' [D:/Projects/arch-fa23/src/lab2/Exp2_NEXYS_A7/code/core/RV32core.v:224]
WARNING: [VRFC 10-3091] actual bit length 1 differs from formal bit length 32 for port 'Addr' [D:/Projects/arch-fa23/src/lab2/Exp2_NEXYS_A7/code/core/RV32core.v:237]
WARNING: [VRFC 10-3091] actual bit length 1 differs from formal bit length 2 for port 'DatatoReg' [D:/Projects/arch-fa23/src/lab2/Exp2_NEXYS_A7/code/core/RV32core.v:241]
Completed static elaboration
INFO: [XSIM 43-4323] No Change in HDL. Linking previously generated obj files to create kernel
INFO: [USF-XSim-69] 'elaborate' step finished in '2' seconds
Vivado Simulator 2020.2
Time resolution is 1 ps
relaunch_xsim_kernel: Time (s): cpu = 00:00:02 ; elapsed = 00:00:10 . Memory (MB): peak = 2469.027 ; gain = 0.000
relaunch_sim: Time (s): cpu = 00:00:02 ; elapsed = 00:00:16 . Memory (MB): peak = 2469.027 ; gain = 0.000
relaunch_sim
Command: launch_simulation -simset sim_1 -mode behavioral
INFO: [Vivado 12-5682] Launching behavioral simulation in 'D:/Projects/arch-fa23/src/lab2/Exp2_NEXYS_A7/Exp2.sim/sim_1/behav/xsim'
INFO: [SIM-utils-51] Simulation object is 'sim_1'
INFO: [SIM-utils-54] Inspecting design source files for 'core_sim' in fileset 'sim_1'...
INFO: [USF-XSim-97] Finding global include files...
INFO: [USF-XSim-98] Fetching design files from 'sim_1'...
INFO: [USF-XSim-2] XSim::Compile design
INFO: [USF-XSim-61] Executing 'COMPILE and ANALYZE' step in 'D:/Projects/arch-fa23/src/lab2/Exp2_NEXYS_A7/Exp2.sim/sim_1/behav/xsim'
"xvlog --incr --relax -prj core_sim_vlog.prj"
INFO: [USF-XSim-69] 'compile' step finished in '2' seconds
Command: launch_simulation -simset sim_1 -mode behavioral
INFO: [Vivado 12-5682] Launching behavioral simulation in 'D:/Projects/arch-fa23/src/lab2/Exp2_NEXYS_A7/Exp2.sim/sim_1/behav/xsim'
INFO: [USF-XSim-3] XSim::Elaborate design
INFO: [USF-XSim-61] Executing 'ELABORATE' step in 'D:/Projects/arch-fa23/src/lab2/Exp2_NEXYS_A7/Exp2.sim/sim_1/behav/xsim'
"xelab -wto bd08de18f65a4fff898ed77aa59a84cb --incr --debug typical --relax --mt 2 -L xil_defaultlib -L unisims_ver -L unimacro_ver -L secureip --snapshot core_sim_behav xil_defaultlib.core_sim xil_defaultlib.glbl -log elaborate.log"
Vivado Simulator 2020.2
Copyright 1986-1999, 2001-2020 Xilinx, Inc. All Rights Reserved.
Running: D:/Xilinx/Vivado/2020.2/bin/unwrapped/win64.o/xelab.exe -wto bd08de18f65a4fff898ed77aa59a84cb --incr --debug typical --relax --mt 2 -L xil_defaultlib -L unisims_ver -L unimacro_ver -L secureip --snapshot core_sim_behav xil_defaultlib.core_sim xil_defaultlib.glbl -log elaborate.log 
Using 2 slave threads.
Starting static elaboration
Pass Through NonSizing Optimizer
WARNING: [VRFC 10-3091] actual bit length 1 differs from formal bit length 2 for port 'PCSource' [D:/Projects/arch-fa23/src/lab2/Exp2_NEXYS_A7/code/core/RV32core.v:224]
WARNING: [VRFC 10-3091] actual bit length 1 differs from formal bit length 32 for port 'Addr' [D:/Projects/arch-fa23/src/lab2/Exp2_NEXYS_A7/code/core/RV32core.v:237]
WARNING: [VRFC 10-3091] actual bit length 1 differs from formal bit length 2 for port 'DatatoReg' [D:/Projects/arch-fa23/src/lab2/Exp2_NEXYS_A7/code/core/RV32core.v:241]
Completed static elaboration
INFO: [XSIM 43-4323] No Change in HDL. Linking previously generated obj files to create kernel
INFO: [USF-XSim-69] 'elaborate' step finished in '3' seconds
Vivado Simulator 2020.2
INFO: [Common 17-41] Interrupt caught. Command should exit soon.
Time resolution is 1 ps
relaunch_xsim_kernel: Time (s): cpu = 00:00:03 ; elapsed = 00:00:10 . Memory (MB): peak = 2898.398 ; gain = 0.000
INFO: [Common 17-344] 'relaunch_xsim_kernel' was cancelled
INFO: [Common 17-344] 'relaunch_sim' was cancelled
update_compile_order -fileset sources_1
update_compile_order -fileset sources_1
relaunch_sim
Command: launch_simulation -simset sim_1 -mode behavioral
INFO: [Vivado 12-5682] Launching behavioral simulation in 'D:/Projects/arch-fa23/src/lab2/Exp2_NEXYS_A7/Exp2.sim/sim_1/behav/xsim'
INFO: [SIM-utils-51] Simulation object is 'sim_1'
INFO: [SIM-utils-54] Inspecting design source files for 'core_sim' in fileset 'sim_1'...
INFO: [USF-XSim-97] Finding global include files...
INFO: [USF-XSim-98] Fetching design files from 'sim_1'...
INFO: [USF-XSim-2] XSim::Compile design
INFO: [USF-XSim-61] Executing 'COMPILE and ANALYZE' step in 'D:/Projects/arch-fa23/src/lab2/Exp2_NEXYS_A7/Exp2.sim/sim_1/behav/xsim'
"xvlog --incr --relax -prj core_sim_vlog.prj"
INFO: [VRFC 10-2263] Analyzing Verilog file "D:/Projects/arch-fa23/src/lab2/Exp2_NEXYS_A7/code/core/ALU.v" into library xil_defaultlib
INFO: [VRFC 10-311] analyzing module ALU
INFO: [VRFC 10-2263] Analyzing Verilog file "D:/Projects/arch-fa23/src/lab2/Exp2_NEXYS_A7/code/auxillary/CPUTEST.v" into library xil_defaultlib
INFO: [VRFC 10-311] analyzing module CPUTEST
INFO: [VRFC 10-2263] Analyzing Verilog file "D:/Projects/arch-fa23/src/lab2/Exp2_NEXYS_A7/code/core/CSRRegs.v" into library xil_defaultlib
INFO: [VRFC 10-311] analyzing module CSRRegs
INFO: [VRFC 10-2263] Analyzing Verilog file "D:/Projects/arch-fa23/src/lab2/Exp2_NEXYS_A7/code/core/CtrlUnit.v" into library xil_defaultlib
INFO: [VRFC 10-311] analyzing module CtrlUnit
INFO: [VRFC 10-2263] Analyzing Verilog file "D:/Projects/arch-fa23/src/lab2/Exp2_NEXYS_A7/code/core/ExceptionUnit.v" into library xil_defaultlib
INFO: [VRFC 10-311] analyzing module ExceptionUnit
INFO: [VRFC 10-2263] Analyzing Verilog file "D:/Projects/arch-fa23/src/lab2/Exp2_NEXYS_A7/code/core/HazardDetectionUnit.v" into library xil_defaultlib
INFO: [VRFC 10-311] analyzing module HazardDetectionUnit
INFO: [VRFC 10-2263] Analyzing Verilog file "D:/Projects/arch-fa23/src/lab2/Exp2_NEXYS_A7/code/core/ImmGen.v" into library xil_defaultlib
INFO: [VRFC 10-311] analyzing module ImmGen
INFO: [VRFC 10-2263] Analyzing Verilog file "D:/Projects/arch-fa23/src/lab2/Exp2_NEXYS_A7/code/common/MUX2T1_32.v" into library xil_defaultlib
INFO: [VRFC 10-311] analyzing module MUX2T1_32
INFO: [VRFC 10-2263] Analyzing Verilog file "D:/Projects/arch-fa23/src/lab2/Exp2_NEXYS_A7/code/common/MUX4T1_32.v" into library xil_defaultlib
INFO: [VRFC 10-311] analyzing module MUX4T1_32
INFO: [VRFC 10-2263] Analyzing Verilog file "D:/Projects/arch-fa23/src/lab2/Exp2_NEXYS_A7/code/core/RAM_B.v" into library xil_defaultlib
INFO: [VRFC 10-311] analyzing module RAM_B
INFO: [VRFC 10-2263] Analyzing Verilog file "D:/Projects/arch-fa23/src/lab2/Exp2_NEXYS_A7/code/common/REG32.v" into library xil_defaultlib
INFO: [VRFC 10-311] analyzing module REG32
INFO: [VRFC 10-2263] Analyzing Verilog file "D:/Projects/arch-fa23/src/lab2/Exp2_NEXYS_A7/code/core/REG_EX_MEM.v" into library xil_defaultlib
INFO: [VRFC 10-311] analyzing module REG_EX_MEM
INFO: [VRFC 10-2263] Analyzing Verilog file "D:/Projects/arch-fa23/src/lab2/Exp2_NEXYS_A7/code/core/REG_ID_EX.v" into library xil_defaultlib
INFO: [VRFC 10-311] analyzing module REG_ID_EX
INFO: [VRFC 10-2263] Analyzing Verilog file "D:/Projects/arch-fa23/src/lab2/Exp2_NEXYS_A7/code/core/REG_IF_ID.v" into library xil_defaultlib
INFO: [VRFC 10-311] analyzing module REG_IF_ID
INFO: [VRFC 10-2263] Analyzing Verilog file "D:/Projects/arch-fa23/src/lab2/Exp2_NEXYS_A7/code/core/REG_MEM_WB.v" into library xil_defaultlib
INFO: [VRFC 10-311] analyzing module REG_MEM_WB
INFO: [VRFC 10-2263] Analyzing Verilog file "D:/Projects/arch-fa23/src/lab2/Exp2_NEXYS_A7/code/core/ROM_D.v" into library xil_defaultlib
INFO: [VRFC 10-311] analyzing module ROM_D
INFO: [VRFC 10-2263] Analyzing Verilog file "D:/Projects/arch-fa23/src/lab2/Exp2_NEXYS_A7/code/core/RV32core.v" into library xil_defaultlib
INFO: [VRFC 10-311] analyzing module RV32core
INFO: [VRFC 10-2458] undeclared symbol Addr, assumed default net type wire [D:/Projects/arch-fa23/src/lab2/Exp2_NEXYS_A7/code/core/RV32core.v:239]
INFO: [VRFC 10-2458] undeclared symbol MWR, assumed default net type wire [D:/Projects/arch-fa23/src/lab2/Exp2_NEXYS_A7/code/core/RV32core.v:240]
INFO: [VRFC 10-2263] Analyzing Verilog file "D:/Projects/arch-fa23/src/lab2/Exp2_NEXYS_A7/code/core/Regs.v" into library xil_defaultlib
INFO: [VRFC 10-311] analyzing module Regs
INFO: [VRFC 10-2263] Analyzing Verilog file "D:/Projects/arch-fa23/src/lab2/Exp2_NEXYS_A7/code/common/add_32.v" into library xil_defaultlib
INFO: [VRFC 10-311] analyzing module add_32
INFO: [VRFC 10-2263] Analyzing Verilog file "D:/Projects/arch-fa23/src/lab2/Exp2_NEXYS_A7/code/common/cmp_32.v" into library xil_defaultlib
INFO: [VRFC 10-311] analyzing module cmp_32
INFO: [VRFC 10-2263] Analyzing Verilog file "D:/Projects/arch-fa23/src/lab2/Exp2_NEXYS_A7/code/auxillary/debug_clk.v" into library xil_defaultlib
INFO: [VRFC 10-311] analyzing module debug_clk
INFO: [VRFC 10-2263] Analyzing Verilog file "D:/Projects/arch-fa23/src/lab2/Exp2_NEXYS_A7/code/sim/core_sim.v" into library xil_defaultlib
INFO: [VRFC 10-311] analyzing module core_sim
INFO: [USF-XSim-69] 'compile' step finished in '3' seconds
Command: launch_simulation -simset sim_1 -mode behavioral
INFO: [Vivado 12-5682] Launching behavioral simulation in 'D:/Projects/arch-fa23/src/lab2/Exp2_NEXYS_A7/Exp2.sim/sim_1/behav/xsim'
INFO: [USF-XSim-3] XSim::Elaborate design
INFO: [USF-XSim-61] Executing 'ELABORATE' step in 'D:/Projects/arch-fa23/src/lab2/Exp2_NEXYS_A7/Exp2.sim/sim_1/behav/xsim'
"xelab -wto bd08de18f65a4fff898ed77aa59a84cb --incr --debug typical --relax --mt 2 -L xil_defaultlib -L unisims_ver -L unimacro_ver -L secureip --snapshot core_sim_behav xil_defaultlib.core_sim xil_defaultlib.glbl -log elaborate.log"
Vivado Simulator 2020.2
Copyright 1986-1999, 2001-2020 Xilinx, Inc. All Rights Reserved.
Running: D:/Xilinx/Vivado/2020.2/bin/unwrapped/win64.o/xelab.exe -wto bd08de18f65a4fff898ed77aa59a84cb --incr --debug typical --relax --mt 2 -L xil_defaultlib -L unisims_ver -L unimacro_ver -L secureip --snapshot core_sim_behav xil_defaultlib.core_sim xil_defaultlib.glbl -log elaborate.log 
Using 2 slave threads.
Starting static elaboration
Pass Through NonSizing Optimizer
WARNING: [VRFC 10-3091] actual bit length 1 differs from formal bit length 2 for port 'PCSource' [D:/Projects/arch-fa23/src/lab2/Exp2_NEXYS_A7/code/core/RV32core.v:226]
WARNING: [VRFC 10-3091] actual bit length 1 differs from formal bit length 32 for port 'Addr' [D:/Projects/arch-fa23/src/lab2/Exp2_NEXYS_A7/code/core/RV32core.v:239]
WARNING: [VRFC 10-3091] actual bit length 1 differs from formal bit length 2 for port 'DatatoReg' [D:/Projects/arch-fa23/src/lab2/Exp2_NEXYS_A7/code/core/RV32core.v:243]
Completed static elaboration
Starting simulation data flow analysis
Completed simulation data flow analysis
Time Resolution for simulation is 1ps
Compiling module xil_defaultlib.debug_clk
Compiling module xil_defaultlib.REG32
Compiling module xil_defaultlib.add_32
Compiling module xil_defaultlib.MUX2T1_32
Compiling module xil_defaultlib.ROM_D
Compiling module xil_defaultlib.REG_IF_ID
Compiling module xil_defaultlib.CtrlUnit
Compiling module xil_defaultlib.Regs
Compiling module xil_defaultlib.ImmGen
Compiling module xil_defaultlib.MUX4T1_32
Compiling module xil_defaultlib.cmp_32
Compiling module xil_defaultlib.HazardDetectionUnit
Compiling module xil_defaultlib.REG_ID_EX
Compiling module xil_defaultlib.ALU
Compiling module xil_defaultlib.REG_EX_MEM
Compiling module xil_defaultlib.RAM_B
Compiling module xil_defaultlib.CSRRegs
Compiling module xil_defaultlib.ExceptionUnit
Compiling module xil_defaultlib.REG_MEM_WB
Compiling module xil_defaultlib.CPUTEST
Compiling module xil_defaultlib.RV32core
Compiling module xil_defaultlib.core_sim
Compiling module xil_defaultlib.glbl
Built simulation snapshot core_sim_behav
INFO: [USF-XSim-69] 'elaborate' step finished in '5' seconds
Vivado Simulator 2020.2
Time resolution is 1 ps
relaunch_xsim_kernel: Time (s): cpu = 00:00:02 ; elapsed = 00:00:10 . Memory (MB): peak = 2898.398 ; gain = 0.000
relaunch_sim: Time (s): cpu = 00:00:02 ; elapsed = 00:00:19 . Memory (MB): peak = 2898.398 ; gain = 0.000
relaunch_sim
Command: launch_simulation -simset sim_1 -mode behavioral
INFO: [Vivado 12-5682] Launching behavioral simulation in 'D:/Projects/arch-fa23/src/lab2/Exp2_NEXYS_A7/Exp2.sim/sim_1/behav/xsim'
INFO: [SIM-utils-51] Simulation object is 'sim_1'
INFO: [SIM-utils-54] Inspecting design source files for 'core_sim' in fileset 'sim_1'...
INFO: [USF-XSim-97] Finding global include files...
INFO: [USF-XSim-98] Fetching design files from 'sim_1'...
INFO: [USF-XSim-2] XSim::Compile design
INFO: [USF-XSim-61] Executing 'COMPILE and ANALYZE' step in 'D:/Projects/arch-fa23/src/lab2/Exp2_NEXYS_A7/Exp2.sim/sim_1/behav/xsim'
"xvlog --incr --relax -prj core_sim_vlog.prj"
INFO: [VRFC 10-2263] Analyzing Verilog file "D:/Projects/arch-fa23/src/lab2/Exp2_NEXYS_A7/code/core/ALU.v" into library xil_defaultlib
INFO: [VRFC 10-311] analyzing module ALU
INFO: [VRFC 10-2263] Analyzing Verilog file "D:/Projects/arch-fa23/src/lab2/Exp2_NEXYS_A7/code/auxillary/CPUTEST.v" into library xil_defaultlib
INFO: [VRFC 10-311] analyzing module CPUTEST
INFO: [VRFC 10-2263] Analyzing Verilog file "D:/Projects/arch-fa23/src/lab2/Exp2_NEXYS_A7/code/core/CSRRegs.v" into library xil_defaultlib
INFO: [VRFC 10-311] analyzing module CSRRegs
INFO: [VRFC 10-2263] Analyzing Verilog file "D:/Projects/arch-fa23/src/lab2/Exp2_NEXYS_A7/code/core/CtrlUnit.v" into library xil_defaultlib
INFO: [VRFC 10-311] analyzing module CtrlUnit
INFO: [VRFC 10-2263] Analyzing Verilog file "D:/Projects/arch-fa23/src/lab2/Exp2_NEXYS_A7/code/core/ExceptionUnit.v" into library xil_defaultlib
INFO: [VRFC 10-311] analyzing module ExceptionUnit
INFO: [VRFC 10-2263] Analyzing Verilog file "D:/Projects/arch-fa23/src/lab2/Exp2_NEXYS_A7/code/core/HazardDetectionUnit.v" into library xil_defaultlib
INFO: [VRFC 10-311] analyzing module HazardDetectionUnit
INFO: [VRFC 10-2263] Analyzing Verilog file "D:/Projects/arch-fa23/src/lab2/Exp2_NEXYS_A7/code/core/ImmGen.v" into library xil_defaultlib
INFO: [VRFC 10-311] analyzing module ImmGen
INFO: [VRFC 10-2263] Analyzing Verilog file "D:/Projects/arch-fa23/src/lab2/Exp2_NEXYS_A7/code/common/MUX2T1_32.v" into library xil_defaultlib
INFO: [VRFC 10-311] analyzing module MUX2T1_32
INFO: [VRFC 10-2263] Analyzing Verilog file "D:/Projects/arch-fa23/src/lab2/Exp2_NEXYS_A7/code/common/MUX4T1_32.v" into library xil_defaultlib
INFO: [VRFC 10-311] analyzing module MUX4T1_32
INFO: [VRFC 10-2263] Analyzing Verilog file "D:/Projects/arch-fa23/src/lab2/Exp2_NEXYS_A7/code/core/RAM_B.v" into library xil_defaultlib
INFO: [VRFC 10-311] analyzing module RAM_B
INFO: [VRFC 10-2263] Analyzing Verilog file "D:/Projects/arch-fa23/src/lab2/Exp2_NEXYS_A7/code/common/REG32.v" into library xil_defaultlib
INFO: [VRFC 10-311] analyzing module REG32
INFO: [VRFC 10-2263] Analyzing Verilog file "D:/Projects/arch-fa23/src/lab2/Exp2_NEXYS_A7/code/core/REG_EX_MEM.v" into library xil_defaultlib
INFO: [VRFC 10-311] analyzing module REG_EX_MEM
INFO: [VRFC 10-2263] Analyzing Verilog file "D:/Projects/arch-fa23/src/lab2/Exp2_NEXYS_A7/code/core/REG_ID_EX.v" into library xil_defaultlib
INFO: [VRFC 10-311] analyzing module REG_ID_EX
INFO: [VRFC 10-2263] Analyzing Verilog file "D:/Projects/arch-fa23/src/lab2/Exp2_NEXYS_A7/code/core/REG_IF_ID.v" into library xil_defaultlib
INFO: [VRFC 10-311] analyzing module REG_IF_ID
INFO: [VRFC 10-2263] Analyzing Verilog file "D:/Projects/arch-fa23/src/lab2/Exp2_NEXYS_A7/code/core/REG_MEM_WB.v" into library xil_defaultlib
INFO: [VRFC 10-311] analyzing module REG_MEM_WB
INFO: [VRFC 10-2263] Analyzing Verilog file "D:/Projects/arch-fa23/src/lab2/Exp2_NEXYS_A7/code/core/ROM_D.v" into library xil_defaultlib
INFO: [VRFC 10-311] analyzing module ROM_D
INFO: [VRFC 10-2263] Analyzing Verilog file "D:/Projects/arch-fa23/src/lab2/Exp2_NEXYS_A7/code/core/RV32core.v" into library xil_defaultlib
INFO: [VRFC 10-311] analyzing module RV32core
INFO: [VRFC 10-2458] undeclared symbol Addr, assumed default net type wire [D:/Projects/arch-fa23/src/lab2/Exp2_NEXYS_A7/code/core/RV32core.v:239]
INFO: [VRFC 10-2458] undeclared symbol MWR, assumed default net type wire [D:/Projects/arch-fa23/src/lab2/Exp2_NEXYS_A7/code/core/RV32core.v:240]
INFO: [VRFC 10-2263] Analyzing Verilog file "D:/Projects/arch-fa23/src/lab2/Exp2_NEXYS_A7/code/core/Regs.v" into library xil_defaultlib
INFO: [VRFC 10-311] analyzing module Regs
INFO: [VRFC 10-2263] Analyzing Verilog file "D:/Projects/arch-fa23/src/lab2/Exp2_NEXYS_A7/code/common/add_32.v" into library xil_defaultlib
INFO: [VRFC 10-311] analyzing module add_32
INFO: [VRFC 10-2263] Analyzing Verilog file "D:/Projects/arch-fa23/src/lab2/Exp2_NEXYS_A7/code/common/cmp_32.v" into library xil_defaultlib
INFO: [VRFC 10-311] analyzing module cmp_32
INFO: [VRFC 10-2263] Analyzing Verilog file "D:/Projects/arch-fa23/src/lab2/Exp2_NEXYS_A7/code/auxillary/debug_clk.v" into library xil_defaultlib
INFO: [VRFC 10-311] analyzing module debug_clk
INFO: [VRFC 10-2263] Analyzing Verilog file "D:/Projects/arch-fa23/src/lab2/Exp2_NEXYS_A7/code/sim/core_sim.v" into library xil_defaultlib
INFO: [VRFC 10-311] analyzing module core_sim
INFO: [USF-XSim-69] 'compile' step finished in '3' seconds
Command: launch_simulation -simset sim_1 -mode behavioral
INFO: [Vivado 12-5682] Launching behavioral simulation in 'D:/Projects/arch-fa23/src/lab2/Exp2_NEXYS_A7/Exp2.sim/sim_1/behav/xsim'
INFO: [USF-XSim-3] XSim::Elaborate design
INFO: [USF-XSim-61] Executing 'ELABORATE' step in 'D:/Projects/arch-fa23/src/lab2/Exp2_NEXYS_A7/Exp2.sim/sim_1/behav/xsim'
"xelab -wto bd08de18f65a4fff898ed77aa59a84cb --incr --debug typical --relax --mt 2 -L xil_defaultlib -L unisims_ver -L unimacro_ver -L secureip --snapshot core_sim_behav xil_defaultlib.core_sim xil_defaultlib.glbl -log elaborate.log"
Vivado Simulator 2020.2
Copyright 1986-1999, 2001-2020 Xilinx, Inc. All Rights Reserved.
Running: D:/Xilinx/Vivado/2020.2/bin/unwrapped/win64.o/xelab.exe -wto bd08de18f65a4fff898ed77aa59a84cb --incr --debug typical --relax --mt 2 -L xil_defaultlib -L unisims_ver -L unimacro_ver -L secureip --snapshot core_sim_behav xil_defaultlib.core_sim xil_defaultlib.glbl -log elaborate.log 
Using 2 slave threads.
Starting static elaboration
Pass Through NonSizing Optimizer
WARNING: [VRFC 10-3091] actual bit length 1 differs from formal bit length 2 for port 'PCSource' [D:/Projects/arch-fa23/src/lab2/Exp2_NEXYS_A7/code/core/RV32core.v:226]
WARNING: [VRFC 10-3091] actual bit length 1 differs from formal bit length 32 for port 'Addr' [D:/Projects/arch-fa23/src/lab2/Exp2_NEXYS_A7/code/core/RV32core.v:239]
WARNING: [VRFC 10-3091] actual bit length 1 differs from formal bit length 2 for port 'DatatoReg' [D:/Projects/arch-fa23/src/lab2/Exp2_NEXYS_A7/code/core/RV32core.v:243]
Completed static elaboration
Starting simulation data flow analysis
Completed simulation data flow analysis
Time Resolution for simulation is 1ps
Compiling module xil_defaultlib.debug_clk
Compiling module xil_defaultlib.REG32
Compiling module xil_defaultlib.add_32
Compiling module xil_defaultlib.MUX2T1_32
Compiling module xil_defaultlib.ROM_D
Compiling module xil_defaultlib.REG_IF_ID
Compiling module xil_defaultlib.CtrlUnit
Compiling module xil_defaultlib.Regs
Compiling module xil_defaultlib.ImmGen
Compiling module xil_defaultlib.MUX4T1_32
Compiling module xil_defaultlib.cmp_32
Compiling module xil_defaultlib.HazardDetectionUnit
Compiling module xil_defaultlib.REG_ID_EX
Compiling module xil_defaultlib.ALU
Compiling module xil_defaultlib.REG_EX_MEM
Compiling module xil_defaultlib.RAM_B
Compiling module xil_defaultlib.CSRRegs
Compiling module xil_defaultlib.ExceptionUnit
Compiling module xil_defaultlib.REG_MEM_WB
Compiling module xil_defaultlib.CPUTEST
Compiling module xil_defaultlib.RV32core
Compiling module xil_defaultlib.core_sim
Compiling module xil_defaultlib.glbl
Built simulation snapshot core_sim_behav
INFO: [USF-XSim-69] 'elaborate' step finished in '4' seconds
Vivado Simulator 2020.2
Time resolution is 1 ps
relaunch_xsim_kernel: Time (s): cpu = 00:00:02 ; elapsed = 00:00:10 . Memory (MB): peak = 2898.398 ; gain = 0.000
relaunch_sim: Time (s): cpu = 00:00:02 ; elapsed = 00:00:19 . Memory (MB): peak = 2898.398 ; gain = 0.000
reset_run synth_1
WARNING: [Vivado 12-1017] Problems encountered:
1. Failed to delete one or more files in run directory D:/Projects/arch-fa23/src/lab2/Exp2_NEXYS_A7/Exp2.runs/synth_1

launch_runs impl_1 -to_step write_bitstream -jobs 4
[Thu Nov  9 12:17:18 2023] Launched synth_1...
Run output will be captured here: D:/Projects/arch-fa23/src/lab2/Exp2_NEXYS_A7/Exp2.runs/synth_1/runme.log
[Thu Nov  9 12:17:18 2023] Launched impl_1...
Run output will be captured here: D:/Projects/arch-fa23/src/lab2/Exp2_NEXYS_A7/Exp2.runs/impl_1/runme.log
add_bp {D:/Projects/arch-fa23/src/lab2/Exp2_NEXYS_A7/code/core/RAM_B.v} 20
remove_bps -file {D:/Projects/arch-fa23/src/lab2/Exp2_NEXYS_A7/code/core/RAM_B.v} -line 20
add_bp {D:/Projects/arch-fa23/src/lab2/Exp2_NEXYS_A7/code/core/RAM_B.v} 26
remove_bps -file {D:/Projects/arch-fa23/src/lab2/Exp2_NEXYS_A7/code/core/RAM_B.v} -line 26
reset_run synth_1
WARNING: [Vivado 12-1017] Problems encountered:
1. Failed to delete one or more files in run directory D:/Projects/arch-fa23/src/lab2/Exp2_NEXYS_A7/Exp2.runs/synth_1

launch_runs impl_1 -to_step write_bitstream -jobs 4
[Thu Nov  9 12:54:15 2023] Launched synth_1...
Run output will be captured here: D:/Projects/arch-fa23/src/lab2/Exp2_NEXYS_A7/Exp2.runs/synth_1/runme.log
[Thu Nov  9 12:54:15 2023] Launched impl_1...
Run output will be captured here: D:/Projects/arch-fa23/src/lab2/Exp2_NEXYS_A7/Exp2.runs/impl_1/runme.log
reset_run synth_1
WARNING: [Vivado 12-1017] Problems encountered:
1. PID not specified

launch_runs impl_1 -to_step write_bitstream -jobs 4
[Thu Nov  9 12:54:17 2023] Launched synth_1...
Run output will be captured here: D:/Projects/arch-fa23/src/lab2/Exp2_NEXYS_A7/Exp2.runs/synth_1/runme.log
[Thu Nov  9 12:54:17 2023] Launched impl_1...
Run output will be captured here: D:/Projects/arch-fa23/src/lab2/Exp2_NEXYS_A7/Exp2.runs/impl_1/runme.log
set_property PROBES.FILE {} [get_hw_devices xc7a100t_0]
set_property FULL_PROBES.FILE {} [get_hw_devices xc7a100t_0]
set_property PROGRAM.FILE {D:/Projects/arch-fa23/src/lab2/Exp2_NEXYS_A7/Exp2.runs/impl_1/top.bit} [get_hw_devices xc7a100t_0]
program_hw_devices [get_hw_devices xc7a100t_0]
INFO: [Labtools 27-3164] End of startup status: HIGH
refresh_hw_device [lindex [get_hw_devices xc7a100t_0] 0]
INFO: [Labtools 27-1434] Device xc7a100t (JTAG device index = 0) is programmed with a design that has no supported debug core(s) in it.
ERROR: [Labtoolstcl 44-513] HW Target shutdown. Closing target: localhost:3121/xilinx_tcf/Digilent/210292B181FAA
close_sim
INFO: [Simtcl 6-16] Simulation closed
exit
INFO: [Common 17-206] Exiting Vivado at Thu Nov  9 13:23:06 2023...
